Connecting to database specified by database.yml
Connecting to database specified by database.yml
Connecting to database specified by database.yml
  [1m[36m (0.0ms)[0m  [1mselect sqlite_version(*)[0m
  [1m[35m (13.0ms)[0m  CREATE TABLE "schema_migrations" ("version" varchar(255) NOT NULL) 
  [1m[36m (9.0ms)[0m  [1mCREATE UNIQUE INDEX "unique_schema_migrations" ON "schema_migrations" ("version")[0m
  [1m[35m (0.0ms)[0m  SELECT "schema_migrations"."version" FROM "schema_migrations" 
Migrating to CreateCharities (20131201051620)
  [1m[36m (0.0ms)[0m  [1mbegin transaction[0m
  [1m[35m (3.0ms)[0m  CREATE TABLE "charities" ("id" INTEGER PRIMARY KEY AUTOINCREMENT NOT NULL, "name" varchar(255), "url" varchar(255), "created_at" datetime NOT NULL, "updated_at" datetime NOT NULL) 
  [1m[36m (0.0ms)[0m  [1mINSERT INTO "schema_migrations" ("version") VALUES ('20131201051620')[0m
  [1m[35m (8.0ms)[0m  commit transaction
Migrating to CreateZipCodes (20131201051747)
  [1m[36m (1.0ms)[0m  [1mbegin transaction[0m
  [1m[35m (3.0ms)[0m  CREATE TABLE "zip_codes" ("id" INTEGER PRIMARY KEY AUTOINCREMENT NOT NULL, "zip" varchar(255), "created_at" datetime NOT NULL, "updated_at" datetime NOT NULL) 
  [1m[36m (1.0ms)[0m  [1mINSERT INTO "schema_migrations" ("version") VALUES ('20131201051747')[0m
  [1m[35m (8.0ms)[0m  commit transaction
  [1m[36m (1.0ms)[0m  [1mSELECT "schema_migrations"."version" FROM "schema_migrations" [0m
Connecting to database specified by database.yml
Connecting to database specified by database.yml


Started GET "/assets/rails.png" for 127.0.0.1 at 2013-12-01 00:21:50 -0500
Served asset /rails.png - 200 OK (157ms)


Started GET "/" for 127.0.0.1 at 2013-12-01 00:28:57 -0500

ActionController::RoutingError (uninitialized constant ZipcodeController):
  activesupport (3.2.13) lib/active_support/inflector/methods.rb:230:in `block in constantize'
  activesupport (3.2.13) lib/active_support/inflector/methods.rb:229:in `each'
  activesupport (3.2.13) lib/active_support/inflector/methods.rb:229:in `constantize'
  actionpack (3.2.13) lib/action_dispatch/routing/route_set.rb:69:in `controller_reference'
  actionpack (3.2.13) lib/action_dispatch/routing/route_set.rb:54:in `controller'
  actionpack (3.2.13) lib/action_dispatch/routing/route_set.rb:32:in `call'
  journey (1.0.4) lib/journey/router.rb:68:in `block in call'
  journey (1.0.4) lib/journey/router.rb:56:in `each'
  journey (1.0.4) lib/journey/router.rb:56:in `call'
  actionpack (3.2.13) lib/action_dispatch/routing/route_set.rb:612:in `call'
  actionpack (3.2.13) lib/action_dispatch/middleware/best_standards_support.rb:17:in `call'
  rack (1.4.5) lib/rack/etag.rb:23:in `call'
  rack (1.4.5) lib/rack/conditionalget.rb:25:in `call'
  actionpack (3.2.13) lib/action_dispatch/middleware/head.rb:14:in `call'
  actionpack (3.2.13) lib/action_dispatch/middleware/params_parser.rb:21:in `call'
  actionpack (3.2.13) lib/action_dispatch/middleware/flash.rb:242:in `call'
  rack (1.4.5) lib/rack/session/abstract/id.rb:210:in `context'
  rack (1.4.5) lib/rack/session/abstract/id.rb:205:in `call'
  actionpack (3.2.13) lib/action_dispatch/middleware/cookies.rb:341:in `call'
  activerecord (3.2.13) lib/active_record/query_cache.rb:64:in `call'
  activerecord (3.2.13) lib/active_record/connection_adapters/abstract/connection_pool.rb:479:in `call'
  actionpack (3.2.13) lib/action_dispatch/middleware/callbacks.rb:28:in `block in call'
  activesupport (3.2.13) lib/active_support/callbacks.rb:405:in `_run__492302448__call__625642880__callbacks'
  activesupport (3.2.13) lib/active_support/callbacks.rb:405:in `__run_callback'
  activesupport (3.2.13) lib/active_support/callbacks.rb:385:in `_run_call_callbacks'
  activesupport (3.2.13) lib/active_support/callbacks.rb:81:in `run_callbacks'
  actionpack (3.2.13) lib/action_dispatch/middleware/callbacks.rb:27:in `call'
  actionpack (3.2.13) lib/action_dispatch/middleware/reloader.rb:65:in `call'
  actionpack (3.2.13) lib/action_dispatch/middleware/remote_ip.rb:31:in `call'
  actionpack (3.2.13) lib/action_dispatch/middleware/debug_exceptions.rb:16:in `call'
  actionpack (3.2.13) lib/action_dispatch/middleware/show_exceptions.rb:56:in `call'
  railties (3.2.13) lib/rails/rack/logger.rb:32:in `call_app'
  railties (3.2.13) lib/rails/rack/logger.rb:16:in `block in call'
  activesupport (3.2.13) lib/active_support/tagged_logging.rb:22:in `tagged'
  railties (3.2.13) lib/rails/rack/logger.rb:16:in `call'
  actionpack (3.2.13) lib/action_dispatch/middleware/request_id.rb:22:in `call'
  rack (1.4.5) lib/rack/methodoverride.rb:21:in `call'
  rack (1.4.5) lib/rack/runtime.rb:17:in `call'
  activesupport (3.2.13) lib/active_support/cache/strategy/local_cache.rb:72:in `call'
  rack (1.4.5) lib/rack/lock.rb:15:in `call'
  actionpack (3.2.13) lib/action_dispatch/middleware/static.rb:63:in `call'
  railties (3.2.13) lib/rails/engine.rb:479:in `call'
  railties (3.2.13) lib/rails/application.rb:223:in `call'
  rack (1.4.5) lib/rack/content_length.rb:14:in `call'
  railties (3.2.13) lib/rails/rack/log_tailer.rb:17:in `call'
  rack (1.4.5) lib/rack/handler/webrick.rb:59:in `service'
  C:/RailsInstaller/Ruby1.9.3/lib/ruby/1.9.1/webrick/httpserver.rb:138:in `service'
  C:/RailsInstaller/Ruby1.9.3/lib/ruby/1.9.1/webrick/httpserver.rb:94:in `run'
  C:/RailsInstaller/Ruby1.9.3/lib/ruby/1.9.1/webrick/server.rb:191:in `block in start_thread'


  Rendered C:/RailsInstaller/Ruby1.9.3/lib/ruby/gems/1.9.1/gems/actionpack-3.2.13/lib/action_dispatch/middleware/templates/rescues/routing_error.erb within rescues/layout (19.0ms)


Started GET "/" for 127.0.0.1 at 2013-12-01 00:29:10 -0500

ActionController::RoutingError (uninitialized constant ZipCodeController):
  activesupport (3.2.13) lib/active_support/inflector/methods.rb:230:in `block in constantize'
  activesupport (3.2.13) lib/active_support/inflector/methods.rb:229:in `each'
  activesupport (3.2.13) lib/active_support/inflector/methods.rb:229:in `constantize'
  actionpack (3.2.13) lib/action_dispatch/routing/route_set.rb:69:in `controller_reference'
  actionpack (3.2.13) lib/action_dispatch/routing/route_set.rb:54:in `controller'
  actionpack (3.2.13) lib/action_dispatch/routing/route_set.rb:32:in `call'
  journey (1.0.4) lib/journey/router.rb:68:in `block in call'
  journey (1.0.4) lib/journey/router.rb:56:in `each'
  journey (1.0.4) lib/journey/router.rb:56:in `call'
  actionpack (3.2.13) lib/action_dispatch/routing/route_set.rb:612:in `call'
  actionpack (3.2.13) lib/action_dispatch/middleware/best_standards_support.rb:17:in `call'
  rack (1.4.5) lib/rack/etag.rb:23:in `call'
  rack (1.4.5) lib/rack/conditionalget.rb:25:in `call'
  actionpack (3.2.13) lib/action_dispatch/middleware/head.rb:14:in `call'
  actionpack (3.2.13) lib/action_dispatch/middleware/params_parser.rb:21:in `call'
  actionpack (3.2.13) lib/action_dispatch/middleware/flash.rb:242:in `call'
  rack (1.4.5) lib/rack/session/abstract/id.rb:210:in `context'
  rack (1.4.5) lib/rack/session/abstract/id.rb:205:in `call'
  actionpack (3.2.13) lib/action_dispatch/middleware/cookies.rb:341:in `call'
  activerecord (3.2.13) lib/active_record/query_cache.rb:64:in `call'
  activerecord (3.2.13) lib/active_record/connection_adapters/abstract/connection_pool.rb:479:in `call'
  actionpack (3.2.13) lib/action_dispatch/middleware/callbacks.rb:28:in `block in call'
  activesupport (3.2.13) lib/active_support/callbacks.rb:405:in `_run__492302448__call__625642880__callbacks'
  activesupport (3.2.13) lib/active_support/callbacks.rb:405:in `__run_callback'
  activesupport (3.2.13) lib/active_support/callbacks.rb:385:in `_run_call_callbacks'
  activesupport (3.2.13) lib/active_support/callbacks.rb:81:in `run_callbacks'
  actionpack (3.2.13) lib/action_dispatch/middleware/callbacks.rb:27:in `call'
  actionpack (3.2.13) lib/action_dispatch/middleware/reloader.rb:65:in `call'
  actionpack (3.2.13) lib/action_dispatch/middleware/remote_ip.rb:31:in `call'
  actionpack (3.2.13) lib/action_dispatch/middleware/debug_exceptions.rb:16:in `call'
  actionpack (3.2.13) lib/action_dispatch/middleware/show_exceptions.rb:56:in `call'
  railties (3.2.13) lib/rails/rack/logger.rb:32:in `call_app'
  railties (3.2.13) lib/rails/rack/logger.rb:16:in `block in call'
  activesupport (3.2.13) lib/active_support/tagged_logging.rb:22:in `tagged'
  railties (3.2.13) lib/rails/rack/logger.rb:16:in `call'
  actionpack (3.2.13) lib/action_dispatch/middleware/request_id.rb:22:in `call'
  rack (1.4.5) lib/rack/methodoverride.rb:21:in `call'
  rack (1.4.5) lib/rack/runtime.rb:17:in `call'
  activesupport (3.2.13) lib/active_support/cache/strategy/local_cache.rb:72:in `call'
  rack (1.4.5) lib/rack/lock.rb:15:in `call'
  actionpack (3.2.13) lib/action_dispatch/middleware/static.rb:63:in `call'
  railties (3.2.13) lib/rails/engine.rb:479:in `call'
  railties (3.2.13) lib/rails/application.rb:223:in `call'
  rack (1.4.5) lib/rack/content_length.rb:14:in `call'
  railties (3.2.13) lib/rails/rack/log_tailer.rb:17:in `call'
  rack (1.4.5) lib/rack/handler/webrick.rb:59:in `service'
  C:/RailsInstaller/Ruby1.9.3/lib/ruby/1.9.1/webrick/httpserver.rb:138:in `service'
  C:/RailsInstaller/Ruby1.9.3/lib/ruby/1.9.1/webrick/httpserver.rb:94:in `run'
  C:/RailsInstaller/Ruby1.9.3/lib/ruby/1.9.1/webrick/server.rb:191:in `block in start_thread'


  Rendered C:/RailsInstaller/Ruby1.9.3/lib/ruby/gems/1.9.1/gems/actionpack-3.2.13/lib/action_dispatch/middleware/templates/rescues/routing_error.erb within rescues/layout (3.0ms)


Started GET "/" for 127.0.0.1 at 2013-12-01 00:29:16 -0500
Processing by ZipCodesController#index as HTML
  [1m[36mZipCode Load (1.0ms)[0m  [1mSELECT "zip_codes".* FROM "zip_codes" [0m
  Rendered zip_codes/index.html.erb within layouts/application (3.0ms)
Compiled charities.css  (45ms)  (pid 6392)
Compiled scaffolds.css  (49ms)  (pid 6392)
Compiled zip_codes.css  (17ms)  (pid 6392)
Compiled application.css  (383ms)  (pid 6392)
Compiled jquery.js  (9ms)  (pid 6392)
Compiled jquery_ujs.js  (2ms)  (pid 6392)
Compiled charities.js  (1013ms)  (pid 6392)
Compiled zip_codes.js  (793ms)  (pid 6392)
Compiled application.js  (2477ms)  (pid 6392)
Completed 200 OK in 3445ms (Views: 3245.2ms | ActiveRecord: 24.0ms)


Started GET "/assets/application.css?body=1" for 127.0.0.1 at 2013-12-01 00:29:20 -0500
Served asset /application.css - 304 Not Modified (50ms)


Started GET "/assets/charities.css?body=1" for 127.0.0.1 at 2013-12-01 00:29:20 -0500
Served asset /charities.css - 200 OK (7ms)


Started GET "/assets/zip_codes.css?body=1" for 127.0.0.1 at 2013-12-01 00:29:20 -0500
Served asset /zip_codes.css - 200 OK (7ms)


Started GET "/assets/scaffolds.css?body=1" for 127.0.0.1 at 2013-12-01 00:29:21 -0500
Served asset /scaffolds.css - 304 Not Modified (7ms)


Started GET "/assets/jquery.js?body=1" for 127.0.0.1 at 2013-12-01 00:29:21 -0500
Served asset /jquery.js - 304 Not Modified (33ms)


Started GET "/assets/jquery_ujs.js?body=1" for 127.0.0.1 at 2013-12-01 00:29:21 -0500
Served asset /jquery_ujs.js - 304 Not Modified (35ms)


Started GET "/assets/charities.js?body=1" for 127.0.0.1 at 2013-12-01 00:29:21 -0500
Served asset /charities.js - 200 OK (27ms)


Started GET "/assets/zip_codes.js?body=1" for 127.0.0.1 at 2013-12-01 00:29:21 -0500
Served asset /zip_codes.js - 200 OK (10ms)


Started GET "/assets/application.js?body=1" for 127.0.0.1 at 2013-12-01 00:29:21 -0500
Served asset /application.js - 304 Not Modified (87ms)


Started GET "/" for 127.0.0.1 at 2013-12-01 00:29:47 -0500
Processing by ZipCodesController#index as HTML
  [1m[35mZipCode Load (2.0ms)[0m  SELECT "zip_codes".* FROM "zip_codes" 
  Rendered zip_codes/index.html.erb within layouts/application (2.0ms)
Completed 200 OK in 79ms (Views: 73.0ms | ActiveRecord: 2.0ms)


Started GET "/assets/application.css?body=1" for 127.0.0.1 at 2013-12-01 00:29:48 -0500
Served asset /application.css - 304 Not Modified (3ms)


Started GET "/assets/charities.css?body=1" for 127.0.0.1 at 2013-12-01 00:29:48 -0500
Served asset /charities.css - 304 Not Modified (0ms)


Started GET "/assets/scaffolds.css?body=1" for 127.0.0.1 at 2013-12-01 00:29:48 -0500
Served asset /scaffolds.css - 304 Not Modified (0ms)


Started GET "/assets/zip_codes.css?body=1" for 127.0.0.1 at 2013-12-01 00:29:48 -0500
Served asset /zip_codes.css - 304 Not Modified (0ms)


Started GET "/assets/jquery_ujs.js?body=1" for 127.0.0.1 at 2013-12-01 00:29:48 -0500
Served asset /jquery_ujs.js - 304 Not Modified (0ms)


Started GET "/assets/jquery.js?body=1" for 127.0.0.1 at 2013-12-01 00:29:48 -0500
Served asset /jquery.js - 304 Not Modified (0ms)


Started GET "/assets/charities.js?body=1" for 127.0.0.1 at 2013-12-01 00:29:48 -0500
Served asset /charities.js - 304 Not Modified (0ms)


Started GET "/assets/zip_codes.js?body=1" for 127.0.0.1 at 2013-12-01 00:29:48 -0500
Served asset /zip_codes.js - 304 Not Modified (0ms)


Started GET "/assets/application.js?body=1" for 127.0.0.1 at 2013-12-01 00:29:48 -0500
Served asset /application.js - 304 Not Modified (2ms)


Started GET "/" for 127.0.0.1 at 2013-12-01 00:30:42 -0500
Processing by CharitiesController#index as HTML
  [1m[36mCharity Load (0.0ms)[0m  [1mSELECT "charities".* FROM "charities" [0m
  Rendered charities/index.html.erb within layouts/application (3.0ms)
Completed 200 OK in 60ms (Views: 51.0ms | ActiveRecord: 4.0ms)


Started GET "/assets/application.css?body=1" for 127.0.0.1 at 2013-12-01 00:30:43 -0500
Served asset /application.css - 304 Not Modified (2ms)


Started GET "/assets/charities.css?body=1" for 127.0.0.1 at 2013-12-01 00:30:43 -0500
Served asset /charities.css - 304 Not Modified (0ms)


Started GET "/assets/zip_codes.css?body=1" for 127.0.0.1 at 2013-12-01 00:30:43 -0500
Served asset /zip_codes.css - 304 Not Modified (0ms)


Started GET "/assets/jquery_ujs.js?body=1" for 127.0.0.1 at 2013-12-01 00:30:43 -0500
Served asset /jquery_ujs.js - 304 Not Modified (0ms)


Started GET "/assets/scaffolds.css?body=1" for 127.0.0.1 at 2013-12-01 00:30:43 -0500
Served asset /scaffolds.css - 304 Not Modified (0ms)


Started GET "/assets/jquery.js?body=1" for 127.0.0.1 at 2013-12-01 00:30:43 -0500
Served asset /jquery.js - 304 Not Modified (1ms)


Started GET "/assets/charities.js?body=1" for 127.0.0.1 at 2013-12-01 00:30:43 -0500
Served asset /charities.js - 304 Not Modified (0ms)


Started GET "/assets/zip_codes.js?body=1" for 127.0.0.1 at 2013-12-01 00:30:43 -0500
Served asset /zip_codes.js - 304 Not Modified (1ms)


Started GET "/assets/application.js?body=1" for 127.0.0.1 at 2013-12-01 00:30:43 -0500
Served asset /application.js - 304 Not Modified (1ms)


Started GET "/" for 127.0.0.1 at 2013-12-01 00:32:49 -0500
Processing by CharitiesController#index as HTML
  [1m[35mCharity Load (1.0ms)[0m  SELECT "charities".* FROM "charities" 
  Rendered charities/index.html.erb within layouts/application (1.0ms)
Completed 200 OK in 69ms (Views: 65.0ms | ActiveRecord: 1.0ms)


Started GET "/assets/zip_codes.css?body=1" for 127.0.0.1 at 2013-12-01 00:32:49 -0500
Served asset /zip_codes.css - 304 Not Modified (0ms)


Started GET "/assets/charities.css?body=1" for 127.0.0.1 at 2013-12-01 00:32:49 -0500
Served asset /charities.css - 304 Not Modified (1ms)


Started GET "/assets/jquery_ujs.js?body=1" for 127.0.0.1 at 2013-12-01 00:32:49 -0500
Served asset /jquery_ujs.js - 304 Not Modified (1ms)


Started GET "/assets/scaffolds.css?body=1" for 127.0.0.1 at 2013-12-01 00:32:49 -0500
Served asset /scaffolds.css - 304 Not Modified (0ms)


Started GET "/assets/jquery.js?body=1" for 127.0.0.1 at 2013-12-01 00:32:49 -0500
Served asset /jquery.js - 304 Not Modified (1ms)


Started GET "/assets/application.css?body=1" for 127.0.0.1 at 2013-12-01 00:32:49 -0500
Served asset /application.css - 304 Not Modified (1ms)


Started GET "/assets/charities.js?body=1" for 127.0.0.1 at 2013-12-01 00:32:49 -0500
Served asset /charities.js - 304 Not Modified (0ms)


Started GET "/assets/zip_codes.js?body=1" for 127.0.0.1 at 2013-12-01 00:32:49 -0500
Served asset /zip_codes.js - 304 Not Modified (0ms)


Started GET "/assets/application.js?body=1" for 127.0.0.1 at 2013-12-01 00:32:49 -0500
Served asset /application.js - 304 Not Modified (2ms)


Started GET "/" for 127.0.0.1 at 2013-12-01 00:42:29 -0500
Processing by CharitiesController#index as HTML
  [1m[36mCharity Load (1.0ms)[0m  [1mSELECT "charities".* FROM "charities" [0m
  Rendered charities/index.html.erb within layouts/application (3.0ms)
Completed 200 OK in 69ms (Views: 57.0ms | ActiveRecord: 6.0ms)


Started GET "/assets/application.css?body=1" for 127.0.0.1 at 2013-12-01 00:42:29 -0500
Served asset /application.css - 304 Not Modified (2ms)


Started GET "/assets/scaffolds.css?body=1" for 127.0.0.1 at 2013-12-01 00:42:29 -0500
Served asset /scaffolds.css - 304 Not Modified (0ms)


Started GET "/assets/jquery.js?body=1" for 127.0.0.1 at 2013-12-01 00:42:29 -0500
Served asset /jquery.js - 304 Not Modified (0ms)


Started GET "/assets/charities.js?body=1" for 127.0.0.1 at 2013-12-01 00:42:29 -0500
Served asset /charities.js - 304 Not Modified (0ms)


Started GET "/assets/zip_codes.css?body=1" for 127.0.0.1 at 2013-12-01 00:42:29 -0500
Served asset /zip_codes.css - 304 Not Modified (0ms)


Started GET "/assets/jquery_ujs.js?body=1" for 127.0.0.1 at 2013-12-01 00:42:29 -0500
Served asset /jquery_ujs.js - 304 Not Modified (0ms)


Started GET "/assets/charities.css?body=1" for 127.0.0.1 at 2013-12-01 00:42:29 -0500
Served asset /charities.css - 304 Not Modified (0ms)


Started GET "/assets/zip_codes.js?body=1" for 127.0.0.1 at 2013-12-01 00:42:29 -0500
Served asset /zip_codes.js - 304 Not Modified (0ms)


Started GET "/assets/application.js?body=1" for 127.0.0.1 at 2013-12-01 00:42:29 -0500
Served asset /application.js - 304 Not Modified (3ms)
Connecting to database specified by database.yml


Started GET "/" for 127.0.0.1 at 2013-12-01 01:04:10 -0500
Processing by CharitiesController#index as HTML
  [1m[35mCharity Load (1.0ms)[0m  SELECT "charities".* FROM "charities" 
  Rendered charities/index.html.erb within layouts/application (3.0ms)
Completed 200 OK in 61ms (Views: 52.0ms | ActiveRecord: 3.0ms)


Started GET "/assets/application.css?body=1" for 127.0.0.1 at 2013-12-01 01:04:10 -0500
Served asset /application.css - 304 Not Modified (0ms)


Started GET "/assets/charities.css?body=1" for 127.0.0.1 at 2013-12-01 01:04:10 -0500
Served asset /charities.css - 304 Not Modified (0ms)


Started GET "/assets/scaffolds.css?body=1" for 127.0.0.1 at 2013-12-01 01:04:10 -0500
Served asset /scaffolds.css - 304 Not Modified (1ms)


Started GET "/assets/zip_codes.css?body=1" for 127.0.0.1 at 2013-12-01 01:04:10 -0500
Served asset /zip_codes.css - 304 Not Modified (0ms)


Started GET "/assets/jquery_ujs.js?body=1" for 127.0.0.1 at 2013-12-01 01:04:10 -0500
Served asset /jquery_ujs.js - 304 Not Modified (1ms)


Started GET "/assets/jquery.js?body=1" for 127.0.0.1 at 2013-12-01 01:04:10 -0500
Served asset /jquery.js - 304 Not Modified (3ms)


Started GET "/assets/charities.js?body=1" for 127.0.0.1 at 2013-12-01 01:04:10 -0500
Served asset /charities.js - 304 Not Modified (0ms)


Started GET "/assets/zip_codes.js?body=1" for 127.0.0.1 at 2013-12-01 01:04:10 -0500
Served asset /zip_codes.js - 304 Not Modified (2ms)


Started GET "/assets/application.js?body=1" for 127.0.0.1 at 2013-12-01 01:04:10 -0500
Served asset /application.js - 304 Not Modified (1ms)


Started GET "/charities/new" for 127.0.0.1 at 2013-12-01 01:04:12 -0500
Processing by CharitiesController#new as HTML
  Rendered charities/_form.html.erb (43.0ms)
  Rendered charities/new.html.erb within layouts/application (134.0ms)
Completed 200 OK in 224ms (Views: 197.0ms | ActiveRecord: 0.0ms)


Started GET "/charities/new" for 127.0.0.1 at 2013-12-01 01:04:12 -0500
Processing by CharitiesController#new as HTML
  Rendered charities/_form.html.erb (7.0ms)
  Rendered charities/new.html.erb within layouts/application (13.0ms)
Completed 200 OK in 69ms (Views: 68.0ms | ActiveRecord: 0.0ms)


Started GET "/assets/application.css?body=1" for 127.0.0.1 at 2013-12-01 01:04:13 -0500
Served asset /application.css - 304 Not Modified (2ms)


Started GET "/assets/charities.css?body=1" for 127.0.0.1 at 2013-12-01 01:04:13 -0500
Served asset /charities.css - 304 Not Modified (1ms)


Started GET "/assets/zip_codes.css?body=1" for 127.0.0.1 at 2013-12-01 01:04:13 -0500
Served asset /zip_codes.css - 304 Not Modified (0ms)


Started GET "/assets/jquery_ujs.js?body=1" for 127.0.0.1 at 2013-12-01 01:04:13 -0500
Served asset /jquery_ujs.js - 304 Not Modified (0ms)


Started GET "/assets/scaffolds.css?body=1" for 127.0.0.1 at 2013-12-01 01:04:13 -0500
Served asset /scaffolds.css - 304 Not Modified (0ms)


Started GET "/assets/jquery.js?body=1" for 127.0.0.1 at 2013-12-01 01:04:13 -0500
Served asset /jquery.js - 304 Not Modified (0ms)


Started GET "/assets/zip_codes.js?body=1" for 127.0.0.1 at 2013-12-01 01:04:13 -0500
Served asset /zip_codes.js - 304 Not Modified (0ms)


Started GET "/assets/application.js?body=1" for 127.0.0.1 at 2013-12-01 01:04:13 -0500
Served asset /application.js - 304 Not Modified (3ms)


Started GET "/assets/charities.js?body=1" for 127.0.0.1 at 2013-12-01 01:04:13 -0500
Served asset /charities.js - 304 Not Modified (0ms)


Started GET "/charities" for 127.0.0.1 at 2013-12-01 01:04:32 -0500
Processing by CharitiesController#index as HTML
  [1m[36mCharity Load (1.0ms)[0m  [1mSELECT "charities".* FROM "charities" [0m
  Rendered charities/index.html.erb within layouts/application (2.0ms)
Completed 200 OK in 58ms (Views: 53.0ms | ActiveRecord: 1.0ms)


Started GET "/assets/application.css?body=1" for 127.0.0.1 at 2013-12-01 01:04:33 -0500
Served asset /application.css - 304 Not Modified (2ms)


Started GET "/assets/charities.css?body=1" for 127.0.0.1 at 2013-12-01 01:04:33 -0500
Served asset /charities.css - 304 Not Modified (1ms)


Started GET "/assets/scaffolds.css?body=1" for 127.0.0.1 at 2013-12-01 01:04:33 -0500
Served asset /scaffolds.css - 304 Not Modified (1ms)


Started GET "/assets/zip_codes.css?body=1" for 127.0.0.1 at 2013-12-01 01:04:33 -0500
Served asset /zip_codes.css - 304 Not Modified (0ms)


Started GET "/assets/jquery.js?body=1" for 127.0.0.1 at 2013-12-01 01:04:33 -0500
Served asset /jquery.js - 304 Not Modified (1ms)


Started GET "/assets/jquery_ujs.js?body=1" for 127.0.0.1 at 2013-12-01 01:04:33 -0500
Served asset /jquery_ujs.js - 304 Not Modified (1ms)


Started GET "/assets/charities.js?body=1" for 127.0.0.1 at 2013-12-01 01:04:33 -0500
Served asset /charities.js - 304 Not Modified (0ms)


Started GET "/assets/zip_codes.js?body=1" for 127.0.0.1 at 2013-12-01 01:04:33 -0500
Served asset /zip_codes.js - 304 Not Modified (0ms)


Started GET "/assets/application.js?body=1" for 127.0.0.1 at 2013-12-01 01:04:33 -0500
Served asset /application.js - 304 Not Modified (2ms)


Started GET "/charities/new" for 127.0.0.1 at 2013-12-01 01:10:15 -0500
Processing by CharitiesController#new as HTML
  Rendered charities/_form.html.erb (10.0ms)
  Rendered charities/new.html.erb within layouts/application (21.0ms)
Completed 200 OK in 99ms (Views: 67.0ms | ActiveRecord: 4.0ms)


Started GET "/charities/new" for 127.0.0.1 at 2013-12-01 01:10:15 -0500
Processing by CharitiesController#new as HTML
  Rendered charities/_form.html.erb (6.0ms)
  Rendered charities/new.html.erb within layouts/application (12.0ms)
Completed 200 OK in 65ms (Views: 64.0ms | ActiveRecord: 0.0ms)


Started GET "/assets/application.css?body=1" for 127.0.0.1 at 2013-12-01 01:10:15 -0500
Served asset /application.css - 304 Not Modified (2ms)


Started GET "/assets/scaffolds.css?body=1" for 127.0.0.1 at 2013-12-01 01:10:15 -0500
Served asset /scaffolds.css - 304 Not Modified (2ms)


Started GET "/assets/charities.css?body=1" for 127.0.0.1 at 2013-12-01 01:10:15 -0500
Served asset /charities.css - 304 Not Modified (0ms)


Started GET "/assets/zip_codes.css?body=1" for 127.0.0.1 at 2013-12-01 01:10:15 -0500
Served asset /zip_codes.css - 304 Not Modified (0ms)


Started GET "/assets/jquery.js?body=1" for 127.0.0.1 at 2013-12-01 01:10:15 -0500
Served asset /jquery.js - 304 Not Modified (0ms)


Started GET "/assets/jquery_ujs.js?body=1" for 127.0.0.1 at 2013-12-01 01:10:15 -0500
Served asset /jquery_ujs.js - 304 Not Modified (0ms)


Started GET "/assets/charities.js?body=1" for 127.0.0.1 at 2013-12-01 01:10:15 -0500
Served asset /charities.js - 304 Not Modified (0ms)


Started GET "/assets/zip_codes.js?body=1" for 127.0.0.1 at 2013-12-01 01:10:16 -0500
Served asset /zip_codes.js - 304 Not Modified (0ms)


Started GET "/assets/application.js?body=1" for 127.0.0.1 at 2013-12-01 01:10:16 -0500
Served asset /application.js - 304 Not Modified (1ms)


Started GET "/charities/new" for 127.0.0.1 at 2013-12-01 01:16:07 -0500
Processing by CharitiesController#new as HTML
  Rendered charities/new.html.erb within layouts/application (54.0ms)
Completed 500 Internal Server Error in 74ms

ActionView::Template::Error (undefined method `zip_code_path' for #<Charity:0x345d5f0>):
    7:       <b>Charity url</b><br />
    8:       <%= f.text_field :url %>
    9:       <b>Charity zipcode</b><br />
    10:       <%= f.text_field :zip_code_path %>
    11:     </p>
    12:     <p>
    13:       <%= f.submit %>
  app/views/charities/new.html.erb:10:in `block in _app_views_charities_new_html_erb___53359539_27513456'
  app/views/charities/new.html.erb:3:in `_app_views_charities_new_html_erb___53359539_27513456'
  app/controllers/charities_controller.rb:29:in `new'


  Rendered C:/RailsInstaller/Ruby1.9.3/lib/ruby/gems/1.9.1/gems/actionpack-3.2.13/lib/action_dispatch/middleware/templates/rescues/_trace.erb (5.0ms)
  Rendered C:/RailsInstaller/Ruby1.9.3/lib/ruby/gems/1.9.1/gems/actionpack-3.2.13/lib/action_dispatch/middleware/templates/rescues/_request_and_response.erb (4.0ms)
  Rendered C:/RailsInstaller/Ruby1.9.3/lib/ruby/gems/1.9.1/gems/actionpack-3.2.13/lib/action_dispatch/middleware/templates/rescues/template_error.erb within rescues/layout (60.0ms)


Started GET "/charities/new" for 127.0.0.1 at 2013-12-01 01:16:37 -0500
Processing by CharitiesController#new as HTML
  Rendered charities/new.html.erb within layouts/application (19.0ms)
Completed 500 Internal Server Error in 34ms

ActionView::Template::Error (undefined method `zip' for #<Charity:0x3448e78>):
    7:       <b>Charity url</b><br />
    8:       <%= f.text_field :url %>
    9:       <b>Charity zipcode</b><br />
    10:       <%= f.text_field :zip %>
    11:     </p>
    12:     <p>
    13:       <%= f.submit %>
  app/views/charities/new.html.erb:10:in `block in _app_views_charities_new_html_erb___53359539_27472272'
  app/views/charities/new.html.erb:3:in `_app_views_charities_new_html_erb___53359539_27472272'
  app/controllers/charities_controller.rb:29:in `new'


  Rendered C:/RailsInstaller/Ruby1.9.3/lib/ruby/gems/1.9.1/gems/actionpack-3.2.13/lib/action_dispatch/middleware/templates/rescues/_trace.erb (4.0ms)
  Rendered C:/RailsInstaller/Ruby1.9.3/lib/ruby/gems/1.9.1/gems/actionpack-3.2.13/lib/action_dispatch/middleware/templates/rescues/_request_and_response.erb (13.0ms)
  Rendered C:/RailsInstaller/Ruby1.9.3/lib/ruby/gems/1.9.1/gems/actionpack-3.2.13/lib/action_dispatch/middleware/templates/rescues/template_error.erb within rescues/layout (157.0ms)


Started GET "/charities/new" for 127.0.0.1 at 2013-12-01 01:17:20 -0500
Processing by CharitiesController#new as HTML
  Rendered charities/new.html.erb within layouts/application (14.0ms)
Completed 500 Internal Server Error in 38ms

ActionView::Template::Error (undefined method `text_field' for nil:NilClass):
    7:       <b>Charity url</b><br />
    8:       <%= f.text_field :url %>
    9:       <b>Charity zipcode</b><br />
    10:       <%= @zip_code.text_field :zip %>
    11:     </p>
    12:     <p>
    13:       <%= f.submit %>
  app/views/charities/new.html.erb:10:in `block in _app_views_charities_new_html_erb___53359539_27566112'
  app/views/charities/new.html.erb:3:in `_app_views_charities_new_html_erb___53359539_27566112'
  app/controllers/charities_controller.rb:29:in `new'


  Rendered C:/RailsInstaller/Ruby1.9.3/lib/ruby/gems/1.9.1/gems/actionpack-3.2.13/lib/action_dispatch/middleware/templates/rescues/_trace.erb (6.0ms)
  Rendered C:/RailsInstaller/Ruby1.9.3/lib/ruby/gems/1.9.1/gems/actionpack-3.2.13/lib/action_dispatch/middleware/templates/rescues/_request_and_response.erb (3.0ms)
  Rendered C:/RailsInstaller/Ruby1.9.3/lib/ruby/gems/1.9.1/gems/actionpack-3.2.13/lib/action_dispatch/middleware/templates/rescues/template_error.erb within rescues/layout (58.0ms)


Started GET "/charities/new" for 127.0.0.1 at 2013-12-01 01:17:46 -0500
Processing by CharitiesController#new as HTML
  Rendered charities/new.html.erb within layouts/application (12.0ms)
Completed 200 OK in 87ms (Views: 86.0ms | ActiveRecord: 0.0ms)


Started GET "/assets/application.css?body=1" for 127.0.0.1 at 2013-12-01 01:17:46 -0500
Served asset /application.css - 304 Not Modified (4ms)


Started GET "/assets/scaffolds.css?body=1" for 127.0.0.1 at 2013-12-01 01:17:46 -0500
Served asset /scaffolds.css - 304 Not Modified (0ms)


Started GET "/assets/charities.css?body=1" for 127.0.0.1 at 2013-12-01 01:17:46 -0500
Served asset /charities.css - 304 Not Modified (0ms)


Started GET "/assets/zip_codes.css?body=1" for 127.0.0.1 at 2013-12-01 01:17:46 -0500
Served asset /zip_codes.css - 304 Not Modified (0ms)


Started GET "/assets/jquery_ujs.js?body=1" for 127.0.0.1 at 2013-12-01 01:17:46 -0500
Served asset /jquery_ujs.js - 304 Not Modified (0ms)


Started GET "/assets/jquery.js?body=1" for 127.0.0.1 at 2013-12-01 01:17:46 -0500
Served asset /jquery.js - 304 Not Modified (0ms)


Started GET "/assets/charities.js?body=1" for 127.0.0.1 at 2013-12-01 01:17:46 -0500
Served asset /charities.js - 304 Not Modified (0ms)


Started GET "/assets/zip_codes.js?body=1" for 127.0.0.1 at 2013-12-01 01:17:46 -0500
Served asset /zip_codes.js - 304 Not Modified (0ms)


Started GET "/assets/application.js?body=1" for 127.0.0.1 at 2013-12-01 01:17:46 -0500
Served asset /application.js - 304 Not Modified (3ms)


Started POST "/charities" for 127.0.0.1 at 2013-12-01 01:17:57 -0500
Processing by CharitiesController#create as HTML
  Parameters: {"utf8"=>"✓", "authenticity_token"=>"3bQ7/WvXj9OQwO6PBkNT1UTNUVhcMsPkBtOWdfNmoP8=", "charity"=>{"name"=>"kasdfdf", "url"=>""}, "commit"=>"Create Charity"}
  [1m[35m (0.0ms)[0m  begin transaction
  [1m[36m (0.0ms)[0m  [1mrollback transaction[0m
Completed 500 Internal Server Error in 7ms

NoMethodError (undefined method `zip' for #<Charity:0x3e18940>):
  app/controllers/charities_controller.rb:46:in `block in create'
  app/controllers/charities_controller.rb:45:in `create'


  Rendered C:/RailsInstaller/Ruby1.9.3/lib/ruby/gems/1.9.1/gems/actionpack-3.2.13/lib/action_dispatch/middleware/templates/rescues/_trace.erb (49.0ms)
  Rendered C:/RailsInstaller/Ruby1.9.3/lib/ruby/gems/1.9.1/gems/actionpack-3.2.13/lib/action_dispatch/middleware/templates/rescues/_request_and_response.erb (3.0ms)
  Rendered C:/RailsInstaller/Ruby1.9.3/lib/ruby/gems/1.9.1/gems/actionpack-3.2.13/lib/action_dispatch/middleware/templates/rescues/diagnostics.erb within rescues/layout (103.0ms)


Started POST "/charities" for 127.0.0.1 at 2013-12-01 01:18:20 -0500
Processing by CharitiesController#create as HTML
  Parameters: {"utf8"=>"✓", "authenticity_token"=>"3bQ7/WvXj9OQwO6PBkNT1UTNUVhcMsPkBtOWdfNmoP8=", "charity"=>{"name"=>"kasdfdf", "url"=>""}, "commit"=>"Create Charity"}
  [1m[35m (0.0ms)[0m  begin transaction
  [1m[36m (0.0ms)[0m  [1mrollback transaction[0m
Completed 500 Internal Server Error in 5ms

NoMethodError (undefined method `zip' for #<Charity:0x34fe2e8>):
  app/controllers/charities_controller.rb:46:in `block in create'
  app/controllers/charities_controller.rb:45:in `create'


  Rendered C:/RailsInstaller/Ruby1.9.3/lib/ruby/gems/1.9.1/gems/actionpack-3.2.13/lib/action_dispatch/middleware/templates/rescues/_trace.erb (4.0ms)
  Rendered C:/RailsInstaller/Ruby1.9.3/lib/ruby/gems/1.9.1/gems/actionpack-3.2.13/lib/action_dispatch/middleware/templates/rescues/_request_and_response.erb (4.0ms)
  Rendered C:/RailsInstaller/Ruby1.9.3/lib/ruby/gems/1.9.1/gems/actionpack-3.2.13/lib/action_dispatch/middleware/templates/rescues/diagnostics.erb within rescues/layout (58.0ms)


Started GET "/charities" for 127.0.0.1 at 2013-12-01 01:18:25 -0500
Processing by CharitiesController#index as HTML
  [1m[35mCharity Load (1.0ms)[0m  SELECT "charities".* FROM "charities" 
Completed 500 Internal Server Error in 5ms

NoMethodError (undefined method `order' for []:Array):
  app/controllers/charities_controller.rb:5:in `index'


  Rendered C:/RailsInstaller/Ruby1.9.3/lib/ruby/gems/1.9.1/gems/actionpack-3.2.13/lib/action_dispatch/middleware/templates/rescues/_trace.erb (8.0ms)
  Rendered C:/RailsInstaller/Ruby1.9.3/lib/ruby/gems/1.9.1/gems/actionpack-3.2.13/lib/action_dispatch/middleware/templates/rescues/_request_and_response.erb (3.0ms)
  Rendered C:/RailsInstaller/Ruby1.9.3/lib/ruby/gems/1.9.1/gems/actionpack-3.2.13/lib/action_dispatch/middleware/templates/rescues/diagnostics.erb within rescues/layout (80.0ms)


Started GET "/charities/new" for 127.0.0.1 at 2013-12-01 01:18:37 -0500
Processing by CharitiesController#new as HTML
  Rendered charities/new.html.erb within layouts/application (38.0ms)
Completed 500 Internal Server Error in 66ms

ActionView::Template::Error (undefined method `partial' for #<#<Class:0x3e05710>:0x3ddec98>):
    1: <h1>Add New Charity</h1>
    2: 
    3: <%= render partial 'form' %>
    4: 
    5: <%= link_to 'Back', charities_path %>
  app/views/charities/new.html.erb:3:in `_app_views_charities_new_html_erb___53359539_32434392'
  app/controllers/charities_controller.rb:29:in `new'


  Rendered C:/RailsInstaller/Ruby1.9.3/lib/ruby/gems/1.9.1/gems/actionpack-3.2.13/lib/action_dispatch/middleware/templates/rescues/_trace.erb (8.0ms)
  Rendered C:/RailsInstaller/Ruby1.9.3/lib/ruby/gems/1.9.1/gems/actionpack-3.2.13/lib/action_dispatch/middleware/templates/rescues/_request_and_response.erb (6.0ms)
  Rendered C:/RailsInstaller/Ruby1.9.3/lib/ruby/gems/1.9.1/gems/actionpack-3.2.13/lib/action_dispatch/middleware/templates/rescues/template_error.erb within rescues/layout (103.0ms)


Started GET "/charities/new" for 127.0.0.1 at 2013-12-01 01:18:51 -0500
Processing by CharitiesController#new as HTML
  Rendered charities/_form.html.erb (8.0ms)
  Rendered charities/new.html.erb within layouts/application (20.0ms)
Completed 200 OK in 87ms (Views: 86.0ms | ActiveRecord: 0.0ms)


Started GET "/assets/application.css?body=1" for 127.0.0.1 at 2013-12-01 01:18:52 -0500
Served asset /application.css - 304 Not Modified (2ms)


Started GET "/assets/zip_codes.css?body=1" for 127.0.0.1 at 2013-12-01 01:18:52 -0500
Served asset /zip_codes.css - 304 Not Modified (0ms)


Started GET "/assets/charities.css?body=1" for 127.0.0.1 at 2013-12-01 01:18:52 -0500
Served asset /charities.css - 304 Not Modified (0ms)


Started GET "/assets/jquery_ujs.js?body=1" for 127.0.0.1 at 2013-12-01 01:18:52 -0500
Served asset /jquery_ujs.js - 304 Not Modified (0ms)


Started GET "/assets/scaffolds.css?body=1" for 127.0.0.1 at 2013-12-01 01:18:52 -0500
Served asset /scaffolds.css - 304 Not Modified (0ms)


Started GET "/assets/jquery.js?body=1" for 127.0.0.1 at 2013-12-01 01:18:52 -0500
Served asset /jquery.js - 304 Not Modified (0ms)


Started GET "/assets/charities.js?body=1" for 127.0.0.1 at 2013-12-01 01:18:52 -0500
Served asset /charities.js - 304 Not Modified (0ms)


Started GET "/assets/zip_codes.js?body=1" for 127.0.0.1 at 2013-12-01 01:18:52 -0500
Served asset /zip_codes.js - 304 Not Modified (0ms)


Started GET "/assets/application.js?body=1" for 127.0.0.1 at 2013-12-01 01:18:52 -0500
Served asset /application.js - 304 Not Modified (0ms)


Started POST "/charities" for 127.0.0.1 at 2013-12-01 01:18:55 -0500
Processing by CharitiesController#create as HTML
  Parameters: {"utf8"=>"✓", "authenticity_token"=>"3bQ7/WvXj9OQwO6PBkNT1UTNUVhcMsPkBtOWdfNmoP8=", "charity"=>{"name"=>"kasdfdf", "url"=>""}, "commit"=>"Create Charity"}
  [1m[36m (1.0ms)[0m  [1mbegin transaction[0m
  [1m[35m (0.0ms)[0m  rollback transaction
Completed 500 Internal Server Error in 7ms

NoMethodError (undefined method `zip' for #<Charity:0x3b48d30>):
  app/controllers/charities_controller.rb:46:in `block in create'
  app/controllers/charities_controller.rb:45:in `create'


  Rendered C:/RailsInstaller/Ruby1.9.3/lib/ruby/gems/1.9.1/gems/actionpack-3.2.13/lib/action_dispatch/middleware/templates/rescues/_trace.erb (6.0ms)
  Rendered C:/RailsInstaller/Ruby1.9.3/lib/ruby/gems/1.9.1/gems/actionpack-3.2.13/lib/action_dispatch/middleware/templates/rescues/_request_and_response.erb (5.0ms)
  Rendered C:/RailsInstaller/Ruby1.9.3/lib/ruby/gems/1.9.1/gems/actionpack-3.2.13/lib/action_dispatch/middleware/templates/rescues/diagnostics.erb within rescues/layout (89.0ms)


Started POST "/charities" for 127.0.0.1 at 2013-12-01 01:19:25 -0500
Processing by CharitiesController#create as HTML
  Parameters: {"utf8"=>"✓", "authenticity_token"=>"3bQ7/WvXj9OQwO6PBkNT1UTNUVhcMsPkBtOWdfNmoP8=", "charity"=>{"name"=>"kasdfdf", "url"=>""}, "commit"=>"Create Charity"}
  [1m[36m (0.0ms)[0m  [1mbegin transaction[0m
  [1m[35m (1.0ms)[0m  rollback transaction
Completed 500 Internal Server Error in 46ms

NoMethodError (undefined method `zip' for #<Charity:0x3ddda80>):
  app/controllers/charities_controller.rb:46:in `block in create'
  app/controllers/charities_controller.rb:45:in `create'


  Rendered C:/RailsInstaller/Ruby1.9.3/lib/ruby/gems/1.9.1/gems/actionpack-3.2.13/lib/action_dispatch/middleware/templates/rescues/_trace.erb (4.0ms)
  Rendered C:/RailsInstaller/Ruby1.9.3/lib/ruby/gems/1.9.1/gems/actionpack-3.2.13/lib/action_dispatch/middleware/templates/rescues/_request_and_response.erb (4.0ms)
  Rendered C:/RailsInstaller/Ruby1.9.3/lib/ruby/gems/1.9.1/gems/actionpack-3.2.13/lib/action_dispatch/middleware/templates/rescues/diagnostics.erb within rescues/layout (57.0ms)


Started POST "/charities" for 127.0.0.1 at 2013-12-01 01:19:36 -0500
Processing by CharitiesController#create as HTML
  Parameters: {"utf8"=>"✓", "authenticity_token"=>"3bQ7/WvXj9OQwO6PBkNT1UTNUVhcMsPkBtOWdfNmoP8=", "charity"=>{"name"=>"kasdfdf", "url"=>""}, "commit"=>"Create Charity"}
  [1m[36m (0.0ms)[0m  [1mbegin transaction[0m
  [1m[35m (0.0ms)[0m  rollback transaction
Completed 500 Internal Server Error in 7ms

NoMethodError (undefined method `zip' for #<Charity:0x344e7b8>):
  app/controllers/charities_controller.rb:46:in `block in create'
  app/controllers/charities_controller.rb:45:in `create'


  Rendered C:/RailsInstaller/Ruby1.9.3/lib/ruby/gems/1.9.1/gems/actionpack-3.2.13/lib/action_dispatch/middleware/templates/rescues/_trace.erb (4.0ms)
  Rendered C:/RailsInstaller/Ruby1.9.3/lib/ruby/gems/1.9.1/gems/actionpack-3.2.13/lib/action_dispatch/middleware/templates/rescues/_request_and_response.erb (4.0ms)
  Rendered C:/RailsInstaller/Ruby1.9.3/lib/ruby/gems/1.9.1/gems/actionpack-3.2.13/lib/action_dispatch/middleware/templates/rescues/diagnostics.erb within rescues/layout (75.0ms)


Started GET "/charities" for 127.0.0.1 at 2013-12-01 01:19:42 -0500
Processing by CharitiesController#index as HTML
  [1m[36mCharity Load (1.0ms)[0m  [1mSELECT "charities".* FROM "charities" [0m
  Rendered charities/index.html.erb within layouts/application (3.0ms)
Completed 200 OK in 75ms (Views: 70.0ms | ActiveRecord: 1.0ms)


Started GET "/assets/application.css?body=1" for 127.0.0.1 at 2013-12-01 01:19:42 -0500
Served asset /application.css - 304 Not Modified (1ms)


Started GET "/assets/charities.css?body=1" for 127.0.0.1 at 2013-12-01 01:19:43 -0500
Served asset /charities.css - 304 Not Modified (0ms)


Started GET "/assets/zip_codes.css?body=1" for 127.0.0.1 at 2013-12-01 01:19:43 -0500
Served asset /zip_codes.css - 304 Not Modified (0ms)


Started GET "/assets/jquery_ujs.js?body=1" for 127.0.0.1 at 2013-12-01 01:19:43 -0500
Served asset /jquery_ujs.js - 304 Not Modified (0ms)


Started GET "/assets/scaffolds.css?body=1" for 127.0.0.1 at 2013-12-01 01:19:43 -0500
Served asset /scaffolds.css - 304 Not Modified (1ms)


Started GET "/assets/jquery.js?body=1" for 127.0.0.1 at 2013-12-01 01:19:43 -0500
Served asset /jquery.js - 304 Not Modified (0ms)


Started GET "/assets/charities.js?body=1" for 127.0.0.1 at 2013-12-01 01:19:43 -0500
Served asset /charities.js - 304 Not Modified (0ms)


Started GET "/assets/zip_codes.js?body=1" for 127.0.0.1 at 2013-12-01 01:19:43 -0500
Served asset /zip_codes.js - 304 Not Modified (0ms)


Started GET "/assets/application.js?body=1" for 127.0.0.1 at 2013-12-01 01:19:43 -0500
Served asset /application.js - 304 Not Modified (1ms)
Connecting to database specified by database.yml
Connecting to database specified by database.yml
  [1m[36m (1.0ms)[0m  [1mSELECT "schema_migrations"."version" FROM "schema_migrations" [0m
Migrating to CreateCharities (20131201051620)
Migrating to CreateZipCodes (20131201051747)
Migrating to AddZipIdToCharities (20131201062807)
  [1m[35m (0.0ms)[0m  select sqlite_version(*)
  [1m[36m (0.0ms)[0m  [1mbegin transaction[0m
  [1m[35m (7.0ms)[0m  ALTER TABLE "charities" ADD "zip_id" integer
  [1m[36m (1.0ms)[0m  [1mINSERT INTO "schema_migrations" ("version") VALUES ('20131201062807')[0m
  [1m[35m (8.0ms)[0m  commit transaction
  [1m[36m (0.0ms)[0m  [1mSELECT "schema_migrations"."version" FROM "schema_migrations" [0m


Started GET "/zipcodes" for 127.0.0.1 at 2013-12-01 01:41:29 -0500

ActionController::RoutingError (No route matches [GET] "/zipcodes"):
  actionpack (3.2.13) lib/action_dispatch/middleware/debug_exceptions.rb:21:in `call'
  actionpack (3.2.13) lib/action_dispatch/middleware/show_exceptions.rb:56:in `call'
  railties (3.2.13) lib/rails/rack/logger.rb:32:in `call_app'
  railties (3.2.13) lib/rails/rack/logger.rb:16:in `block in call'
  activesupport (3.2.13) lib/active_support/tagged_logging.rb:22:in `tagged'
  railties (3.2.13) lib/rails/rack/logger.rb:16:in `call'
  actionpack (3.2.13) lib/action_dispatch/middleware/request_id.rb:22:in `call'
  rack (1.4.5) lib/rack/methodoverride.rb:21:in `call'
  rack (1.4.5) lib/rack/runtime.rb:17:in `call'
  activesupport (3.2.13) lib/active_support/cache/strategy/local_cache.rb:72:in `call'
  rack (1.4.5) lib/rack/lock.rb:15:in `call'
  actionpack (3.2.13) lib/action_dispatch/middleware/static.rb:63:in `call'
  railties (3.2.13) lib/rails/engine.rb:479:in `call'
  railties (3.2.13) lib/rails/application.rb:223:in `call'
  rack (1.4.5) lib/rack/content_length.rb:14:in `call'
  railties (3.2.13) lib/rails/rack/log_tailer.rb:17:in `call'
  rack (1.4.5) lib/rack/handler/webrick.rb:59:in `service'
  C:/RailsInstaller/Ruby1.9.3/lib/ruby/1.9.1/webrick/httpserver.rb:138:in `service'
  C:/RailsInstaller/Ruby1.9.3/lib/ruby/1.9.1/webrick/httpserver.rb:94:in `run'
  C:/RailsInstaller/Ruby1.9.3/lib/ruby/1.9.1/webrick/server.rb:191:in `block in start_thread'


  Rendered C:/RailsInstaller/Ruby1.9.3/lib/ruby/gems/1.9.1/gems/actionpack-3.2.13/lib/action_dispatch/middleware/templates/rescues/routing_error.erb within rescues/layout (2.0ms)


Started GET "/" for 127.0.0.1 at 2013-12-01 01:41:34 -0500
Processing by CharitiesController#index as HTML
  [1m[35mCharity Load (1.0ms)[0m  SELECT "charities".* FROM "charities" 
  Rendered charities/index.html.erb within layouts/application (1.0ms)
Completed 200 OK in 62ms (Views: 50.0ms | ActiveRecord: 5.0ms)


Started GET "/assets/charities.css?body=1" for 127.0.0.1 at 2013-12-01 01:41:34 -0500
Served asset /charities.css - 304 Not Modified (0ms)


Started GET "/assets/application.css?body=1" for 127.0.0.1 at 2013-12-01 01:41:34 -0500
Served asset /application.css - 304 Not Modified (3ms)


Started GET "/assets/scaffolds.css?body=1" for 127.0.0.1 at 2013-12-01 01:41:34 -0500
Served asset /scaffolds.css - 304 Not Modified (0ms)


Started GET "/assets/jquery.js?body=1" for 127.0.0.1 at 2013-12-01 01:41:34 -0500
Served asset /jquery.js - 304 Not Modified (1ms)


Started GET "/assets/zip_codes.css?body=1" for 127.0.0.1 at 2013-12-01 01:41:34 -0500
Served asset /zip_codes.css - 304 Not Modified (1ms)


Started GET "/assets/charities.js?body=1" for 127.0.0.1 at 2013-12-01 01:41:34 -0500
Served asset /charities.js - 304 Not Modified (0ms)


Started GET "/assets/zip_codes.js?body=1" for 127.0.0.1 at 2013-12-01 01:41:34 -0500
Served asset /zip_codes.js - 304 Not Modified (0ms)


Started GET "/assets/jquery_ujs.js?body=1" for 127.0.0.1 at 2013-12-01 01:41:34 -0500
Served asset /jquery_ujs.js - 304 Not Modified (0ms)


Started GET "/assets/application.js?body=1" for 127.0.0.1 at 2013-12-01 01:41:35 -0500
Served asset /application.js - 304 Not Modified (2ms)


Started GET "/charities/new" for 127.0.0.1 at 2013-12-01 01:41:37 -0500
Processing by CharitiesController#new as HTML
  Rendered charities/_form.html.erb (13.0ms)
  Rendered charities/new.html.erb within layouts/application (23.0ms)
Completed 200 OK in 118ms (Views: 86.0ms | ActiveRecord: 0.0ms)


Started GET "/assets/application.css?body=1" for 127.0.0.1 at 2013-12-01 01:41:37 -0500
Served asset /application.css - 304 Not Modified (1ms)


Started GET "/assets/charities.css?body=1" for 127.0.0.1 at 2013-12-01 01:41:37 -0500
Served asset /charities.css - 304 Not Modified (0ms)


Started GET "/assets/scaffolds.css?body=1" for 127.0.0.1 at 2013-12-01 01:41:37 -0500
Served asset /scaffolds.css - 304 Not Modified (0ms)


Started GET "/assets/jquery.js?body=1" for 127.0.0.1 at 2013-12-01 01:41:37 -0500
Served asset /jquery.js - 304 Not Modified (0ms)


Started GET "/assets/zip_codes.css?body=1" for 127.0.0.1 at 2013-12-01 01:41:37 -0500
Served asset /zip_codes.css - 304 Not Modified (0ms)


Started GET "/assets/jquery_ujs.js?body=1" for 127.0.0.1 at 2013-12-01 01:41:38 -0500
Served asset /jquery_ujs.js - 304 Not Modified (0ms)


Started GET "/assets/charities.js?body=1" for 127.0.0.1 at 2013-12-01 01:41:38 -0500
Served asset /charities.js - 304 Not Modified (0ms)


Started GET "/assets/zip_codes.js?body=1" for 127.0.0.1 at 2013-12-01 01:41:38 -0500
Served asset /zip_codes.js - 304 Not Modified (0ms)


Started GET "/assets/application.js?body=1" for 127.0.0.1 at 2013-12-01 01:41:38 -0500
Served asset /application.js - 304 Not Modified (2ms)


Started GET "/charities" for 127.0.0.1 at 2013-12-01 01:41:55 -0500
Processing by CharitiesController#index as HTML
  [1m[36mCharity Load (1.0ms)[0m  [1mSELECT "charities".* FROM "charities" [0m
  Rendered charities/index.html.erb within layouts/application (2.0ms)
Completed 200 OK in 69ms (Views: 64.0ms | ActiveRecord: 1.0ms)


Started GET "/assets/application.css?body=1" for 127.0.0.1 at 2013-12-01 01:41:55 -0500
Served asset /application.css - 304 Not Modified (1ms)


Started GET "/assets/charities.css?body=1" for 127.0.0.1 at 2013-12-01 01:41:55 -0500
Served asset /charities.css - 304 Not Modified (1ms)


Started GET "/assets/scaffolds.css?body=1" for 127.0.0.1 at 2013-12-01 01:41:55 -0500
Served asset /scaffolds.css - 304 Not Modified (0ms)


Started GET "/assets/zip_codes.css?body=1" for 127.0.0.1 at 2013-12-01 01:41:55 -0500
Served asset /zip_codes.css - 304 Not Modified (0ms)


Started GET "/assets/jquery.js?body=1" for 127.0.0.1 at 2013-12-01 01:41:55 -0500
Served asset /jquery.js - 304 Not Modified (1ms)


Started GET "/assets/jquery_ujs.js?body=1" for 127.0.0.1 at 2013-12-01 01:41:55 -0500
Served asset /jquery_ujs.js - 304 Not Modified (0ms)


Started GET "/assets/charities.js?body=1" for 127.0.0.1 at 2013-12-01 01:41:56 -0500
Served asset /charities.js - 304 Not Modified (0ms)


Started GET "/assets/zip_codes.js?body=1" for 127.0.0.1 at 2013-12-01 01:41:56 -0500
Served asset /zip_codes.js - 304 Not Modified (0ms)


Started GET "/assets/application.js?body=1" for 127.0.0.1 at 2013-12-01 01:41:56 -0500
Served asset /application.js - 304 Not Modified (1ms)


Started GET "/charities/new" for 127.0.0.1 at 2013-12-01 01:41:57 -0500
Processing by CharitiesController#new as HTML
  Rendered charities/_form.html.erb (11.0ms)
  Rendered charities/new.html.erb within layouts/application (18.0ms)
Completed 200 OK in 144ms (Views: 142.0ms | ActiveRecord: 0.0ms)


Started GET "/assets/application.css?body=1" for 127.0.0.1 at 2013-12-01 01:41:57 -0500
Served asset /application.css - 304 Not Modified (4ms)


Started GET "/assets/charities.css?body=1" for 127.0.0.1 at 2013-12-01 01:41:58 -0500
Served asset /charities.css - 304 Not Modified (0ms)


Started GET "/assets/zip_codes.css?body=1" for 127.0.0.1 at 2013-12-01 01:41:58 -0500
Served asset /zip_codes.css - 304 Not Modified (1ms)


Started GET "/assets/scaffolds.css?body=1" for 127.0.0.1 at 2013-12-01 01:41:58 -0500
Served asset /scaffolds.css - 304 Not Modified (0ms)


Started GET "/assets/jquery.js?body=1" for 127.0.0.1 at 2013-12-01 01:41:58 -0500
Served asset /jquery.js - 304 Not Modified (1ms)


Started GET "/assets/jquery_ujs.js?body=1" for 127.0.0.1 at 2013-12-01 01:41:58 -0500
Served asset /jquery_ujs.js - 304 Not Modified (0ms)


Started GET "/assets/zip_codes.js?body=1" for 127.0.0.1 at 2013-12-01 01:41:58 -0500
Served asset /zip_codes.js - 304 Not Modified (0ms)


Started GET "/assets/charities.js?body=1" for 127.0.0.1 at 2013-12-01 01:41:58 -0500
Served asset /charities.js - 304 Not Modified (0ms)


Started GET "/assets/application.js?body=1" for 127.0.0.1 at 2013-12-01 01:41:58 -0500
Served asset /application.js - 304 Not Modified (2ms)
Connecting to database specified by database.yml


Started GET "/charities/new" for 127.0.0.1 at 2013-12-01 01:43:06 -0500
Processing by CharitiesController#new as HTML
  Rendered charities/_form.html.erb (23.0ms)
  Rendered charities/new.html.erb within layouts/application (57.0ms)
Completed 200 OK in 386ms (Views: 266.0ms | ActiveRecord: 14.0ms)


Started GET "/assets/application.css?body=1" for 127.0.0.1 at 2013-12-01 01:43:07 -0500
Served asset /application.css - 304 Not Modified (22ms)


Started GET "/assets/charities.css?body=1" for 127.0.0.1 at 2013-12-01 01:43:07 -0500
Served asset /charities.css - 304 Not Modified (46ms)


Started GET "/assets/zip_codes.css?body=1" for 127.0.0.1 at 2013-12-01 01:43:07 -0500
Served asset /zip_codes.css - 304 Not Modified (12ms)


Started GET "/assets/scaffolds.css?body=1" for 127.0.0.1 at 2013-12-01 01:43:07 -0500
Served asset /scaffolds.css - 304 Not Modified (13ms)


Started GET "/assets/jquery.js?body=1" for 127.0.0.1 at 2013-12-01 01:43:07 -0500
Served asset /jquery.js - 304 Not Modified (29ms)


Started GET "/assets/jquery_ujs.js?body=1" for 127.0.0.1 at 2013-12-01 01:43:07 -0500
Served asset /jquery_ujs.js - 304 Not Modified (15ms)


Started GET "/assets/charities.js?body=1" for 127.0.0.1 at 2013-12-01 01:43:07 -0500
Served asset /charities.js - 304 Not Modified (11ms)


Started GET "/assets/zip_codes.js?body=1" for 127.0.0.1 at 2013-12-01 01:43:07 -0500
Served asset /zip_codes.js - 304 Not Modified (43ms)


Started GET "/assets/application.js?body=1" for 127.0.0.1 at 2013-12-01 01:43:07 -0500
Served asset /application.js - 304 Not Modified (59ms)


Started POST "/charities" for 127.0.0.1 at 2013-12-01 01:43:12 -0500
Processing by CharitiesController#create as HTML
  Parameters: {"utf8"=>"✓", "authenticity_token"=>"3bQ7/WvXj9OQwO6PBkNT1UTNUVhcMsPkBtOWdfNmoP8=", "charity"=>{"name"=>"test", "url"=>""}, "commit"=>"Create Charity"}
  [1m[36m (0.0ms)[0m  [1mbegin transaction[0m
  [1m[35m (0.0ms)[0m  rollback transaction
Completed 500 Internal Server Error in 10ms

NoMethodError (undefined method `zip' for #<Charity:0x3e4fc78>):
  app/controllers/charities_controller.rb:46:in `block in create'
  app/controllers/charities_controller.rb:45:in `create'


  Rendered C:/RailsInstaller/Ruby1.9.3/lib/ruby/gems/1.9.1/gems/actionpack-3.2.13/lib/action_dispatch/middleware/templates/rescues/_trace.erb (4.0ms)
  Rendered C:/RailsInstaller/Ruby1.9.3/lib/ruby/gems/1.9.1/gems/actionpack-3.2.13/lib/action_dispatch/middleware/templates/rescues/_request_and_response.erb (3.0ms)
  Rendered C:/RailsInstaller/Ruby1.9.3/lib/ruby/gems/1.9.1/gems/actionpack-3.2.13/lib/action_dispatch/middleware/templates/rescues/diagnostics.erb within rescues/layout (59.0ms)


Started POST "/charities" for 127.0.0.1 at 2013-12-01 01:43:52 -0500
Processing by CharitiesController#create as HTML
  Parameters: {"utf8"=>"✓", "authenticity_token"=>"3bQ7/WvXj9OQwO6PBkNT1UTNUVhcMsPkBtOWdfNmoP8=", "charity"=>{"name"=>"test", "url"=>""}, "commit"=>"Create Charity"}
  [1m[36m (1.0ms)[0m  [1mbegin transaction[0m
  [1m[35m (0.0ms)[0m  rollback transaction
Completed 500 Internal Server Error in 9ms

NoMethodError (undefined method `zip' for #<Charity:0x34fb0f0>):
  app/controllers/charities_controller.rb:46:in `block in create'
  app/controllers/charities_controller.rb:45:in `create'


  Rendered C:/RailsInstaller/Ruby1.9.3/lib/ruby/gems/1.9.1/gems/actionpack-3.2.13/lib/action_dispatch/middleware/templates/rescues/_trace.erb (5.0ms)
  Rendered C:/RailsInstaller/Ruby1.9.3/lib/ruby/gems/1.9.1/gems/actionpack-3.2.13/lib/action_dispatch/middleware/templates/rescues/_request_and_response.erb (5.0ms)
  Rendered C:/RailsInstaller/Ruby1.9.3/lib/ruby/gems/1.9.1/gems/actionpack-3.2.13/lib/action_dispatch/middleware/templates/rescues/diagnostics.erb within rescues/layout (98.0ms)


Started GET "/" for 127.0.0.1 at 2013-12-01 01:44:19 -0500
Processing by CharitiesController#index as HTML
  [1m[36mCharity Load (1.0ms)[0m  [1mSELECT "charities".* FROM "charities" [0m
  Rendered charities/index.html.erb within layouts/application (4.0ms)
Completed 200 OK in 59ms (Views: 54.0ms | ActiveRecord: 1.0ms)


Started GET "/assets/application.css?body=1" for 127.0.0.1 at 2013-12-01 01:44:19 -0500
Served asset /application.css - 304 Not Modified (4ms)


Started GET "/assets/scaffolds.css?body=1" for 127.0.0.1 at 2013-12-01 01:44:19 -0500
Served asset /scaffolds.css - 304 Not Modified (0ms)


Started GET "/assets/charities.css?body=1" for 127.0.0.1 at 2013-12-01 01:44:19 -0500
Served asset /charities.css - 304 Not Modified (0ms)


Started GET "/assets/zip_codes.css?body=1" for 127.0.0.1 at 2013-12-01 01:44:19 -0500
Served asset /zip_codes.css - 304 Not Modified (0ms)


Started GET "/assets/jquery.js?body=1" for 127.0.0.1 at 2013-12-01 01:44:20 -0500
Served asset /jquery.js - 304 Not Modified (0ms)


Started GET "/assets/jquery_ujs.js?body=1" for 127.0.0.1 at 2013-12-01 01:44:20 -0500
Served asset /jquery_ujs.js - 304 Not Modified (1ms)


Started GET "/assets/charities.js?body=1" for 127.0.0.1 at 2013-12-01 01:44:20 -0500
Served asset /charities.js - 304 Not Modified (0ms)


Started GET "/assets/application.js?body=1" for 127.0.0.1 at 2013-12-01 01:44:20 -0500
Served asset /application.js - 304 Not Modified (9ms)


Started GET "/assets/zip_codes.js?body=1" for 127.0.0.1 at 2013-12-01 01:44:20 -0500
Served asset /zip_codes.js - 304 Not Modified (1ms)


Started GET "/charities/new" for 127.0.0.1 at 2013-12-01 01:44:23 -0500
Processing by CharitiesController#new as HTML
  Rendered charities/_form.html.erb (8.0ms)
  Rendered charities/new.html.erb within layouts/application (14.0ms)
Completed 200 OK in 52ms (Views: 51.0ms | ActiveRecord: 0.0ms)


Started GET "/assets/application.css?body=1" for 127.0.0.1 at 2013-12-01 01:44:23 -0500
Served asset /application.css - 304 Not Modified (1ms)


Started GET "/assets/scaffolds.css?body=1" for 127.0.0.1 at 2013-12-01 01:44:23 -0500
Served asset /scaffolds.css - 304 Not Modified (1ms)


Started GET "/assets/jquery.js?body=1" for 127.0.0.1 at 2013-12-01 01:44:23 -0500
Served asset /jquery.js - 304 Not Modified (0ms)


Started GET "/assets/charities.js?body=1" for 127.0.0.1 at 2013-12-01 01:44:23 -0500
Served asset /charities.js - 304 Not Modified (0ms)


Started GET "/assets/charities.css?body=1" for 127.0.0.1 at 2013-12-01 01:44:23 -0500
Served asset /charities.css - 304 Not Modified (0ms)


Started GET "/assets/zip_codes.css?body=1" for 127.0.0.1 at 2013-12-01 01:44:23 -0500
Served asset /zip_codes.css - 304 Not Modified (0ms)


Started GET "/assets/jquery_ujs.js?body=1" for 127.0.0.1 at 2013-12-01 01:44:23 -0500
Served asset /jquery_ujs.js - 304 Not Modified (0ms)


Started GET "/assets/zip_codes.js?body=1" for 127.0.0.1 at 2013-12-01 01:44:23 -0500
Served asset /zip_codes.js - 304 Not Modified (0ms)


Started GET "/assets/application.js?body=1" for 127.0.0.1 at 2013-12-01 01:44:23 -0500
Served asset /application.js - 304 Not Modified (2ms)


Started POST "/charities" for 127.0.0.1 at 2013-12-01 01:44:29 -0500
Processing by CharitiesController#create as HTML
  Parameters: {"utf8"=>"✓", "authenticity_token"=>"3bQ7/WvXj9OQwO6PBkNT1UTNUVhcMsPkBtOWdfNmoP8=", "charity"=>{"name"=>"test", "url"=>"test"}, "commit"=>"Create Charity"}
  [1m[35m (0.0ms)[0m  begin transaction
  [1m[36m (0.0ms)[0m  [1mrollback transaction[0m
Completed 500 Internal Server Error in 6ms

NoMethodError (undefined method `zip' for #<Charity:0x3d162f8>):
  app/controllers/charities_controller.rb:46:in `block in create'
  app/controllers/charities_controller.rb:45:in `create'


  Rendered C:/RailsInstaller/Ruby1.9.3/lib/ruby/gems/1.9.1/gems/actionpack-3.2.13/lib/action_dispatch/middleware/templates/rescues/_trace.erb (6.0ms)
  Rendered C:/RailsInstaller/Ruby1.9.3/lib/ruby/gems/1.9.1/gems/actionpack-3.2.13/lib/action_dispatch/middleware/templates/rescues/_request_and_response.erb (3.0ms)
  Rendered C:/RailsInstaller/Ruby1.9.3/lib/ruby/gems/1.9.1/gems/actionpack-3.2.13/lib/action_dispatch/middleware/templates/rescues/diagnostics.erb within rescues/layout (59.0ms)


Started POST "/charities" for 127.0.0.1 at 2013-12-01 01:45:12 -0500
Processing by CharitiesController#create as HTML
  Parameters: {"utf8"=>"✓", "authenticity_token"=>"3bQ7/WvXj9OQwO6PBkNT1UTNUVhcMsPkBtOWdfNmoP8=", "charity"=>{"name"=>"test", "url"=>"test"}, "commit"=>"Create Charity"}
  [1m[35m (0.0ms)[0m  begin transaction
  [1m[36m (0.0ms)[0m  [1mrollback transaction[0m
Completed 500 Internal Server Error in 25ms

NoMethodError (undefined method `zip' for #<Charity:0x3e62980>):
  app/controllers/charities_controller.rb:46:in `block in create'
  app/controllers/charities_controller.rb:45:in `create'


  Rendered C:/RailsInstaller/Ruby1.9.3/lib/ruby/gems/1.9.1/gems/actionpack-3.2.13/lib/action_dispatch/middleware/templates/rescues/_trace.erb (3.0ms)
  Rendered C:/RailsInstaller/Ruby1.9.3/lib/ruby/gems/1.9.1/gems/actionpack-3.2.13/lib/action_dispatch/middleware/templates/rescues/_request_and_response.erb (2.0ms)
  Rendered C:/RailsInstaller/Ruby1.9.3/lib/ruby/gems/1.9.1/gems/actionpack-3.2.13/lib/action_dispatch/middleware/templates/rescues/diagnostics.erb within rescues/layout (48.0ms)


Started POST "/charities" for 127.0.0.1 at 2013-12-01 01:45:36 -0500
Processing by CharitiesController#create as HTML
  Parameters: {"utf8"=>"✓", "authenticity_token"=>"3bQ7/WvXj9OQwO6PBkNT1UTNUVhcMsPkBtOWdfNmoP8=", "charity"=>{"name"=>"test", "url"=>"test"}, "commit"=>"Create Charity"}
  [1m[35m (0.0ms)[0m  begin transaction
  [1m[36m (0.0ms)[0m  [1mrollback transaction[0m
Completed 500 Internal Server Error in 49ms

NoMethodError (undefined method `zip' for #<Charity:0x3e5fd58>):
  app/controllers/charities_controller.rb:46:in `block in create'
  app/controllers/charities_controller.rb:45:in `create'


  Rendered C:/RailsInstaller/Ruby1.9.3/lib/ruby/gems/1.9.1/gems/actionpack-3.2.13/lib/action_dispatch/middleware/templates/rescues/_trace.erb (8.0ms)
  Rendered C:/RailsInstaller/Ruby1.9.3/lib/ruby/gems/1.9.1/gems/actionpack-3.2.13/lib/action_dispatch/middleware/templates/rescues/_request_and_response.erb (3.0ms)
  Rendered C:/RailsInstaller/Ruby1.9.3/lib/ruby/gems/1.9.1/gems/actionpack-3.2.13/lib/action_dispatch/middleware/templates/rescues/diagnostics.erb within rescues/layout (87.0ms)


Started POST "/charities" for 127.0.0.1 at 2013-12-01 01:45:41 -0500
Processing by CharitiesController#create as HTML
  Parameters: {"utf8"=>"✓", "authenticity_token"=>"3bQ7/WvXj9OQwO6PBkNT1UTNUVhcMsPkBtOWdfNmoP8=", "charity"=>{"name"=>"test", "url"=>"test"}, "commit"=>"Create Charity"}
  [1m[35m (0.0ms)[0m  begin transaction
  [1m[36m (0.0ms)[0m  [1mrollback transaction[0m
Completed 500 Internal Server Error in 5ms

NoMethodError (undefined method `zip' for #<Charity:0x3de9d68>):
  app/controllers/charities_controller.rb:46:in `block in create'
  app/controllers/charities_controller.rb:45:in `create'


  Rendered C:/RailsInstaller/Ruby1.9.3/lib/ruby/gems/1.9.1/gems/actionpack-3.2.13/lib/action_dispatch/middleware/templates/rescues/_trace.erb (5.0ms)
  Rendered C:/RailsInstaller/Ruby1.9.3/lib/ruby/gems/1.9.1/gems/actionpack-3.2.13/lib/action_dispatch/middleware/templates/rescues/_request_and_response.erb (3.0ms)
  Rendered C:/RailsInstaller/Ruby1.9.3/lib/ruby/gems/1.9.1/gems/actionpack-3.2.13/lib/action_dispatch/middleware/templates/rescues/diagnostics.erb within rescues/layout (59.0ms)


Started GET "/" for 127.0.0.1 at 2013-12-01 01:45:54 -0500
Processing by CharitiesController#index as HTML
  [1m[35mCharity Load (2.0ms)[0m  SELECT "charities".* FROM "charities" 
  Rendered charities/index.html.erb within layouts/application (1.0ms)
Completed 200 OK in 134ms (Views: 126.0ms | ActiveRecord: 2.0ms)


Started GET "/assets/charities.css?body=1" for 127.0.0.1 at 2013-12-01 01:45:55 -0500
Served asset /charities.css - 304 Not Modified (2ms)


Started GET "/assets/application.css?body=1" for 127.0.0.1 at 2013-12-01 01:45:55 -0500
Served asset /application.css - 304 Not Modified (1ms)


Started GET "/assets/scaffolds.css?body=1" for 127.0.0.1 at 2013-12-01 01:45:55 -0500
Served asset /scaffolds.css - 304 Not Modified (0ms)


Started GET "/assets/jquery_ujs.js?body=1" for 127.0.0.1 at 2013-12-01 01:45:55 -0500
Served asset /jquery_ujs.js - 304 Not Modified (0ms)


Started GET "/assets/jquery.js?body=1" for 127.0.0.1 at 2013-12-01 01:45:55 -0500
Served asset /jquery.js - 304 Not Modified (0ms)


Started GET "/assets/zip_codes.css?body=1" for 127.0.0.1 at 2013-12-01 01:45:55 -0500
Served asset /zip_codes.css - 304 Not Modified (0ms)


Started GET "/assets/charities.js?body=1" for 127.0.0.1 at 2013-12-01 01:45:55 -0500
Served asset /charities.js - 304 Not Modified (1ms)


Started GET "/assets/zip_codes.js?body=1" for 127.0.0.1 at 2013-12-01 01:45:55 -0500
Served asset /zip_codes.js - 304 Not Modified (0ms)


Started GET "/assets/application.js?body=1" for 127.0.0.1 at 2013-12-01 01:45:55 -0500
Served asset /application.js - 304 Not Modified (3ms)


Started GET "/charities/new" for 127.0.0.1 at 2013-12-01 01:45:57 -0500
Processing by CharitiesController#new as HTML
  Rendered charities/_form.html.erb (14.0ms)
  Rendered charities/new.html.erb within layouts/application (22.0ms)
Completed 200 OK in 88ms (Views: 86.0ms | ActiveRecord: 0.0ms)


Started GET "/assets/charities.css?body=1" for 127.0.0.1 at 2013-12-01 01:45:57 -0500
Served asset /charities.css - 304 Not Modified (0ms)


Started GET "/assets/application.css?body=1" for 127.0.0.1 at 2013-12-01 01:45:57 -0500
Served asset /application.css - 304 Not Modified (1ms)


Started GET "/assets/zip_codes.css?body=1" for 127.0.0.1 at 2013-12-01 01:45:57 -0500
Served asset /zip_codes.css - 304 Not Modified (0ms)


Started GET "/assets/jquery_ujs.js?body=1" for 127.0.0.1 at 2013-12-01 01:45:57 -0500
Served asset /jquery_ujs.js - 304 Not Modified (0ms)


Started GET "/assets/scaffolds.css?body=1" for 127.0.0.1 at 2013-12-01 01:45:57 -0500
Served asset /scaffolds.css - 304 Not Modified (2ms)


Started GET "/assets/jquery.js?body=1" for 127.0.0.1 at 2013-12-01 01:45:58 -0500
Served asset /jquery.js - 304 Not Modified (0ms)


Started GET "/assets/charities.js?body=1" for 127.0.0.1 at 2013-12-01 01:45:58 -0500
Served asset /charities.js - 304 Not Modified (0ms)


Started GET "/assets/zip_codes.js?body=1" for 127.0.0.1 at 2013-12-01 01:45:58 -0500
Served asset /zip_codes.js - 304 Not Modified (0ms)


Started GET "/assets/application.js?body=1" for 127.0.0.1 at 2013-12-01 01:45:58 -0500
Served asset /application.js - 304 Not Modified (1ms)


Started POST "/charities" for 127.0.0.1 at 2013-12-01 01:45:59 -0500
Processing by CharitiesController#create as HTML
  Parameters: {"utf8"=>"✓", "authenticity_token"=>"3bQ7/WvXj9OQwO6PBkNT1UTNUVhcMsPkBtOWdfNmoP8=", "charity"=>{"name"=>"", "url"=>""}, "commit"=>"Create Charity"}
  [1m[36m (0.0ms)[0m  [1mbegin transaction[0m
  [1m[35m (0.0ms)[0m  rollback transaction
Completed 500 Internal Server Error in 4ms

NoMethodError (undefined method `zip' for #<Charity:0x3dc8db0>):
  app/controllers/charities_controller.rb:46:in `block in create'
  app/controllers/charities_controller.rb:45:in `create'


  Rendered C:/RailsInstaller/Ruby1.9.3/lib/ruby/gems/1.9.1/gems/actionpack-3.2.13/lib/action_dispatch/middleware/templates/rescues/_trace.erb (4.0ms)
  Rendered C:/RailsInstaller/Ruby1.9.3/lib/ruby/gems/1.9.1/gems/actionpack-3.2.13/lib/action_dispatch/middleware/templates/rescues/_request_and_response.erb (4.0ms)
  Rendered C:/RailsInstaller/Ruby1.9.3/lib/ruby/gems/1.9.1/gems/actionpack-3.2.13/lib/action_dispatch/middleware/templates/rescues/diagnostics.erb within rescues/layout (63.0ms)


Started GET "/" for 127.0.0.1 at 2013-12-01 01:46:30 -0500
Processing by CharitiesController#index as HTML
  [1m[36mCharity Load (1.0ms)[0m  [1mSELECT "charities".* FROM "charities" [0m
  Rendered charities/index.html.erb within layouts/application (1.0ms)
Completed 200 OK in 64ms (Views: 54.0ms | ActiveRecord: 3.0ms)


Started GET "/assets/application.css?body=1" for 127.0.0.1 at 2013-12-01 01:46:31 -0500
Served asset /application.css - 304 Not Modified (2ms)


Started GET "/assets/charities.css?body=1" for 127.0.0.1 at 2013-12-01 01:46:31 -0500
Served asset /charities.css - 304 Not Modified (0ms)


Started GET "/assets/scaffolds.css?body=1" for 127.0.0.1 at 2013-12-01 01:46:31 -0500
Served asset /scaffolds.css - 304 Not Modified (0ms)


Started GET "/assets/jquery.js?body=1" for 127.0.0.1 at 2013-12-01 01:46:31 -0500
Served asset /jquery.js - 304 Not Modified (0ms)


Started GET "/assets/zip_codes.css?body=1" for 127.0.0.1 at 2013-12-01 01:46:31 -0500
Served asset /zip_codes.css - 304 Not Modified (0ms)


Started GET "/assets/jquery_ujs.js?body=1" for 127.0.0.1 at 2013-12-01 01:46:31 -0500
Served asset /jquery_ujs.js - 304 Not Modified (0ms)


Started GET "/assets/charities.js?body=1" for 127.0.0.1 at 2013-12-01 01:46:31 -0500
Served asset /charities.js - 304 Not Modified (1ms)


Started GET "/assets/zip_codes.js?body=1" for 127.0.0.1 at 2013-12-01 01:46:31 -0500
Served asset /zip_codes.js - 304 Not Modified (0ms)


Started GET "/assets/application.js?body=1" for 127.0.0.1 at 2013-12-01 01:46:31 -0500
Served asset /application.js - 304 Not Modified (3ms)


Started GET "/charities/new" for 127.0.0.1 at 2013-12-01 01:46:33 -0500
Processing by CharitiesController#new as HTML
  Rendered charities/_form.html.erb (9.0ms)
  Rendered charities/new.html.erb within layouts/application (15.0ms)
Completed 200 OK in 80ms (Views: 58.0ms | ActiveRecord: 0.0ms)


Started GET "/assets/application.css?body=1" for 127.0.0.1 at 2013-12-01 01:46:33 -0500
Served asset /application.css - 304 Not Modified (3ms)


Started GET "/assets/charities.css?body=1" for 127.0.0.1 at 2013-12-01 01:46:34 -0500
Served asset /charities.css - 304 Not Modified (0ms)


Started GET "/assets/scaffolds.css?body=1" for 127.0.0.1 at 2013-12-01 01:46:34 -0500
Served asset /scaffolds.css - 304 Not Modified (0ms)


Started GET "/assets/jquery_ujs.js?body=1" for 127.0.0.1 at 2013-12-01 01:46:34 -0500
Served asset /jquery_ujs.js - 304 Not Modified (1ms)


Started GET "/assets/jquery.js?body=1" for 127.0.0.1 at 2013-12-01 01:46:34 -0500
Served asset /jquery.js - 304 Not Modified (0ms)


Started GET "/assets/zip_codes.css?body=1" for 127.0.0.1 at 2013-12-01 01:46:34 -0500
Served asset /zip_codes.css - 304 Not Modified (0ms)


Started GET "/assets/charities.js?body=1" for 127.0.0.1 at 2013-12-01 01:46:34 -0500
Served asset /charities.js - 304 Not Modified (0ms)


Started GET "/assets/zip_codes.js?body=1" for 127.0.0.1 at 2013-12-01 01:46:34 -0500
Served asset /zip_codes.js - 304 Not Modified (0ms)


Started GET "/assets/application.js?body=1" for 127.0.0.1 at 2013-12-01 01:46:34 -0500
Served asset /application.js - 304 Not Modified (2ms)


Started POST "/charities" for 127.0.0.1 at 2013-12-01 01:46:35 -0500
Processing by CharitiesController#create as HTML
  Parameters: {"utf8"=>"✓", "authenticity_token"=>"3bQ7/WvXj9OQwO6PBkNT1UTNUVhcMsPkBtOWdfNmoP8=", "charity"=>{"name"=>"", "url"=>""}, "commit"=>"Create Charity"}
  [1m[35m (0.0ms)[0m  begin transaction
  [1m[36m (0.0ms)[0m  [1mrollback transaction[0m
Completed 500 Internal Server Error in 13ms

NoMethodError (undefined method `zip' for #<Charity:0x3d78f50>):
  app/controllers/charities_controller.rb:46:in `block in create'
  app/controllers/charities_controller.rb:45:in `create'


  Rendered C:/RailsInstaller/Ruby1.9.3/lib/ruby/gems/1.9.1/gems/actionpack-3.2.13/lib/action_dispatch/middleware/templates/rescues/_trace.erb (6.0ms)
  Rendered C:/RailsInstaller/Ruby1.9.3/lib/ruby/gems/1.9.1/gems/actionpack-3.2.13/lib/action_dispatch/middleware/templates/rescues/_request_and_response.erb (3.0ms)
  Rendered C:/RailsInstaller/Ruby1.9.3/lib/ruby/gems/1.9.1/gems/actionpack-3.2.13/lib/action_dispatch/middleware/templates/rescues/diagnostics.erb within rescues/layout (89.0ms)


Started POST "/charities" for 127.0.0.1 at 2013-12-01 01:48:10 -0500
Processing by CharitiesController#create as HTML
  Parameters: {"utf8"=>"✓", "authenticity_token"=>"3bQ7/WvXj9OQwO6PBkNT1UTNUVhcMsPkBtOWdfNmoP8=", "charity"=>{"name"=>"", "url"=>""}, "commit"=>"Create Charity"}
  [1m[35m (0.0ms)[0m  begin transaction
  [1m[36m (0.0ms)[0m  [1mrollback transaction[0m
Completed 500 Internal Server Error in 5ms

NoMethodError (undefined method `zip' for #<Charity:0x35122f8>):
  app/controllers/charities_controller.rb:46:in `block in create'
  app/controllers/charities_controller.rb:45:in `create'


  Rendered C:/RailsInstaller/Ruby1.9.3/lib/ruby/gems/1.9.1/gems/actionpack-3.2.13/lib/action_dispatch/middleware/templates/rescues/_trace.erb (5.0ms)
  Rendered C:/RailsInstaller/Ruby1.9.3/lib/ruby/gems/1.9.1/gems/actionpack-3.2.13/lib/action_dispatch/middleware/templates/rescues/_request_and_response.erb (45.0ms)
  Rendered C:/RailsInstaller/Ruby1.9.3/lib/ruby/gems/1.9.1/gems/actionpack-3.2.13/lib/action_dispatch/middleware/templates/rescues/diagnostics.erb within rescues/layout (100.0ms)


Started GET "/" for 127.0.0.1 at 2013-12-01 01:49:21 -0500
Processing by CharitiesController#index as HTML
  [1m[35mCharity Load (1.0ms)[0m  SELECT "charities".* FROM "charities" 
  Rendered charities/index.html.erb within layouts/application (2.0ms)
Completed 200 OK in 70ms (Views: 64.0ms | ActiveRecord: 1.0ms)


Started GET "/assets/application.css?body=1" for 127.0.0.1 at 2013-12-01 01:49:21 -0500
Served asset /application.css - 304 Not Modified (1ms)


Started GET "/assets/charities.css?body=1" for 127.0.0.1 at 2013-12-01 01:49:21 -0500
Served asset /charities.css - 304 Not Modified (0ms)


Started GET "/assets/scaffolds.css?body=1" for 127.0.0.1 at 2013-12-01 01:49:21 -0500
Served asset /scaffolds.css - 304 Not Modified (0ms)


Started GET "/assets/zip_codes.css?body=1" for 127.0.0.1 at 2013-12-01 01:49:21 -0500
Served asset /zip_codes.css - 304 Not Modified (0ms)


Started GET "/assets/jquery.js?body=1" for 127.0.0.1 at 2013-12-01 01:49:21 -0500
Served asset /jquery.js - 304 Not Modified (0ms)


Started GET "/assets/jquery_ujs.js?body=1" for 127.0.0.1 at 2013-12-01 01:49:21 -0500
Served asset /jquery_ujs.js - 304 Not Modified (0ms)


Started GET "/assets/charities.js?body=1" for 127.0.0.1 at 2013-12-01 01:49:21 -0500
Served asset /charities.js - 304 Not Modified (0ms)


Started GET "/assets/zip_codes.js?body=1" for 127.0.0.1 at 2013-12-01 01:49:21 -0500
Served asset /zip_codes.js - 304 Not Modified (0ms)


Started GET "/assets/application.js?body=1" for 127.0.0.1 at 2013-12-01 01:49:21 -0500
Served asset /application.js - 304 Not Modified (2ms)


Started GET "/charities/new" for 127.0.0.1 at 2013-12-01 01:49:24 -0500
Processing by CharitiesController#new as HTML
  Rendered charities/_form.html.erb (8.0ms)
  Rendered charities/new.html.erb within layouts/application (17.0ms)
Completed 200 OK in 133ms (Views: 132.0ms | ActiveRecord: 0.0ms)


Started GET "/assets/application.css?body=1" for 127.0.0.1 at 2013-12-01 01:49:25 -0500
Served asset /application.css - 304 Not Modified (1ms)


Started GET "/assets/scaffolds.css?body=1" for 127.0.0.1 at 2013-12-01 01:49:25 -0500
Served asset /scaffolds.css - 304 Not Modified (1ms)


Started GET "/assets/jquery.js?body=1" for 127.0.0.1 at 2013-12-01 01:49:25 -0500
Served asset /jquery.js - 304 Not Modified (0ms)


Started GET "/assets/charities.css?body=1" for 127.0.0.1 at 2013-12-01 01:49:25 -0500
Served asset /charities.css - 304 Not Modified (1ms)


Started GET "/assets/zip_codes.css?body=1" for 127.0.0.1 at 2013-12-01 01:49:25 -0500
Served asset /zip_codes.css - 304 Not Modified (0ms)


Started GET "/assets/jquery_ujs.js?body=1" for 127.0.0.1 at 2013-12-01 01:49:25 -0500
Served asset /jquery_ujs.js - 304 Not Modified (0ms)


Started GET "/assets/charities.js?body=1" for 127.0.0.1 at 2013-12-01 01:49:25 -0500
Served asset /charities.js - 304 Not Modified (0ms)


Started GET "/assets/application.js?body=1" for 127.0.0.1 at 2013-12-01 01:49:25 -0500
Served asset /application.js - 304 Not Modified (7ms)


Started GET "/assets/zip_codes.js?body=1" for 127.0.0.1 at 2013-12-01 01:49:25 -0500
Served asset /zip_codes.js - 304 Not Modified (0ms)


Started POST "/charities" for 127.0.0.1 at 2013-12-01 01:49:30 -0500
Processing by CharitiesController#create as HTML
  Parameters: {"utf8"=>"✓", "authenticity_token"=>"3bQ7/WvXj9OQwO6PBkNT1UTNUVhcMsPkBtOWdfNmoP8=", "charity"=>{"name"=>"test", "url"=>"test"}, "commit"=>"Create Charity"}
  [1m[36m (0.0ms)[0m  [1mbegin transaction[0m
  [1m[35m (0.0ms)[0m  rollback transaction
Completed 500 Internal Server Error in 6ms

NoMethodError (undefined method `zip' for #<Charity:0x3e57cb8>):
  app/controllers/charities_controller.rb:46:in `block in create'
  app/controllers/charities_controller.rb:45:in `create'


  Rendered C:/RailsInstaller/Ruby1.9.3/lib/ruby/gems/1.9.1/gems/actionpack-3.2.13/lib/action_dispatch/middleware/templates/rescues/_trace.erb (5.0ms)
  Rendered C:/RailsInstaller/Ruby1.9.3/lib/ruby/gems/1.9.1/gems/actionpack-3.2.13/lib/action_dispatch/middleware/templates/rescues/_request_and_response.erb (4.0ms)
  Rendered C:/RailsInstaller/Ruby1.9.3/lib/ruby/gems/1.9.1/gems/actionpack-3.2.13/lib/action_dispatch/middleware/templates/rescues/diagnostics.erb within rescues/layout (56.0ms)


Started POST "/charities" for 127.0.0.1 at 2013-12-01 01:51:30 -0500
Processing by CharitiesController#create as HTML
  Parameters: {"utf8"=>"✓", "authenticity_token"=>"3bQ7/WvXj9OQwO6PBkNT1UTNUVhcMsPkBtOWdfNmoP8=", "charity"=>{"name"=>"test", "url"=>"test"}, "commit"=>"Create Charity"}
  [1m[36m (0.0ms)[0m  [1mbegin transaction[0m
  [1m[35m (0.0ms)[0m  rollback transaction
Completed 500 Internal Server Error in 12ms

NoMethodError (undefined method `zip' for #<Charity:0x3517e60>):
  app/controllers/charities_controller.rb:46:in `block in create'
  app/controllers/charities_controller.rb:45:in `create'


  Rendered C:/RailsInstaller/Ruby1.9.3/lib/ruby/gems/1.9.1/gems/actionpack-3.2.13/lib/action_dispatch/middleware/templates/rescues/_trace.erb (7.0ms)
  Rendered C:/RailsInstaller/Ruby1.9.3/lib/ruby/gems/1.9.1/gems/actionpack-3.2.13/lib/action_dispatch/middleware/templates/rescues/_request_and_response.erb (5.0ms)
  Rendered C:/RailsInstaller/Ruby1.9.3/lib/ruby/gems/1.9.1/gems/actionpack-3.2.13/lib/action_dispatch/middleware/templates/rescues/diagnostics.erb within rescues/layout (92.0ms)


Started POST "/charities" for 127.0.0.1 at 2013-12-01 01:51:42 -0500
Processing by CharitiesController#create as HTML
  Parameters: {"utf8"=>"✓", "authenticity_token"=>"3bQ7/WvXj9OQwO6PBkNT1UTNUVhcMsPkBtOWdfNmoP8=", "charity"=>{"name"=>"test", "url"=>"test"}, "commit"=>"Create Charity"}
  [1m[36m (1.0ms)[0m  [1mbegin transaction[0m
  [1m[35m (0.0ms)[0m  rollback transaction
Completed 500 Internal Server Error in 5ms

NoMethodError (undefined method `zip' for #<Charity:0x3e88f78>):
  app/controllers/charities_controller.rb:46:in `block in create'
  app/controllers/charities_controller.rb:45:in `create'


  Rendered C:/RailsInstaller/Ruby1.9.3/lib/ruby/gems/1.9.1/gems/actionpack-3.2.13/lib/action_dispatch/middleware/templates/rescues/_trace.erb (5.0ms)
  Rendered C:/RailsInstaller/Ruby1.9.3/lib/ruby/gems/1.9.1/gems/actionpack-3.2.13/lib/action_dispatch/middleware/templates/rescues/_request_and_response.erb (3.0ms)
  Rendered C:/RailsInstaller/Ruby1.9.3/lib/ruby/gems/1.9.1/gems/actionpack-3.2.13/lib/action_dispatch/middleware/templates/rescues/diagnostics.erb within rescues/layout (60.0ms)


Started GET "/charities" for 127.0.0.1 at 2013-12-01 01:51:46 -0500
Processing by CharitiesController#index as HTML
  [1m[36mCharity Load (1.0ms)[0m  [1mSELECT "charities".* FROM "charities" [0m
  Rendered charities/index.html.erb within layouts/application (4.0ms)
Completed 200 OK in 77ms (Views: 72.0ms | ActiveRecord: 1.0ms)


Started GET "/assets/application.css?body=1" for 127.0.0.1 at 2013-12-01 01:51:46 -0500
Served asset /application.css - 304 Not Modified (3ms)


Started GET "/assets/charities.css?body=1" for 127.0.0.1 at 2013-12-01 01:51:46 -0500
Served asset /charities.css - 304 Not Modified (0ms)


Started GET "/assets/scaffolds.css?body=1" for 127.0.0.1 at 2013-12-01 01:51:46 -0500
Served asset /scaffolds.css - 304 Not Modified (1ms)


Started GET "/assets/jquery.js?body=1" for 127.0.0.1 at 2013-12-01 01:51:46 -0500
Served asset /jquery.js - 304 Not Modified (0ms)


Started GET "/assets/jquery_ujs.js?body=1" for 127.0.0.1 at 2013-12-01 01:51:46 -0500
Served asset /jquery_ujs.js - 304 Not Modified (0ms)


Started GET "/assets/zip_codes.css?body=1" for 127.0.0.1 at 2013-12-01 01:51:46 -0500
Served asset /zip_codes.css - 304 Not Modified (1ms)


Started GET "/assets/charities.js?body=1" for 127.0.0.1 at 2013-12-01 01:51:46 -0500
Served asset /charities.js - 304 Not Modified (1ms)


Started GET "/assets/zip_codes.js?body=1" for 127.0.0.1 at 2013-12-01 01:51:46 -0500
Served asset /zip_codes.js - 304 Not Modified (0ms)


Started GET "/assets/application.js?body=1" for 127.0.0.1 at 2013-12-01 01:51:47 -0500
Served asset /application.js - 304 Not Modified (2ms)


Started GET "/charities/new" for 127.0.0.1 at 2013-12-01 01:51:48 -0500
Processing by CharitiesController#new as HTML
  Rendered charities/_form.html.erb (11.0ms)
  Rendered charities/new.html.erb within layouts/application (20.0ms)
Completed 200 OK in 82ms (Views: 81.0ms | ActiveRecord: 0.0ms)


Started GET "/assets/application.css?body=1" for 127.0.0.1 at 2013-12-01 01:51:48 -0500
Served asset /application.css - 304 Not Modified (2ms)


Started GET "/assets/charities.css?body=1" for 127.0.0.1 at 2013-12-01 01:51:48 -0500
Served asset /charities.css - 304 Not Modified (1ms)


Started GET "/assets/scaffolds.css?body=1" for 127.0.0.1 at 2013-12-01 01:51:48 -0500
Served asset /scaffolds.css - 304 Not Modified (0ms)


Started GET "/assets/zip_codes.css?body=1" for 127.0.0.1 at 2013-12-01 01:51:48 -0500
Served asset /zip_codes.css - 304 Not Modified (0ms)


Started GET "/assets/jquery_ujs.js?body=1" for 127.0.0.1 at 2013-12-01 01:51:48 -0500
Served asset /jquery_ujs.js - 304 Not Modified (0ms)


Started GET "/assets/jquery.js?body=1" for 127.0.0.1 at 2013-12-01 01:51:48 -0500
Served asset /jquery.js - 304 Not Modified (2ms)


Started GET "/assets/zip_codes.js?body=1" for 127.0.0.1 at 2013-12-01 01:51:48 -0500
Served asset /zip_codes.js - 304 Not Modified (0ms)


Started GET "/assets/charities.js?body=1" for 127.0.0.1 at 2013-12-01 01:51:48 -0500
Served asset /charities.js - 304 Not Modified (0ms)


Started GET "/assets/application.js?body=1" for 127.0.0.1 at 2013-12-01 01:51:48 -0500
Served asset /application.js - 304 Not Modified (3ms)


Started POST "/charities" for 127.0.0.1 at 2013-12-01 01:51:53 -0500
Processing by CharitiesController#create as HTML
  Parameters: {"utf8"=>"✓", "authenticity_token"=>"3bQ7/WvXj9OQwO6PBkNT1UTNUVhcMsPkBtOWdfNmoP8=", "charity"=>{"name"=>"ete", "url"=>"ete"}, "commit"=>"Create Charity"}
  [1m[35m (0.0ms)[0m  begin transaction
  [1m[36m (0.0ms)[0m  [1mrollback transaction[0m
Completed 500 Internal Server Error in 11ms

NoMethodError (undefined method `zip' for #<Charity:0x3e74200>):
  app/controllers/charities_controller.rb:46:in `block in create'
  app/controllers/charities_controller.rb:45:in `create'


  Rendered C:/RailsInstaller/Ruby1.9.3/lib/ruby/gems/1.9.1/gems/actionpack-3.2.13/lib/action_dispatch/middleware/templates/rescues/_trace.erb (7.0ms)
  Rendered C:/RailsInstaller/Ruby1.9.3/lib/ruby/gems/1.9.1/gems/actionpack-3.2.13/lib/action_dispatch/middleware/templates/rescues/_request_and_response.erb (5.0ms)
  Rendered C:/RailsInstaller/Ruby1.9.3/lib/ruby/gems/1.9.1/gems/actionpack-3.2.13/lib/action_dispatch/middleware/templates/rescues/diagnostics.erb within rescues/layout (152.0ms)


Started POST "/charities" for 127.0.0.1 at 2013-12-01 01:52:32 -0500
Processing by CharitiesController#create as HTML
  Parameters: {"utf8"=>"✓", "authenticity_token"=>"3bQ7/WvXj9OQwO6PBkNT1UTNUVhcMsPkBtOWdfNmoP8=", "charity"=>{"name"=>"ete", "url"=>"ete"}, "commit"=>"Create Charity"}
  [1m[35m (0.0ms)[0m  begin transaction
  [1m[36m (0.0ms)[0m  [1mrollback transaction[0m
Completed 500 Internal Server Error in 49ms

NoMethodError (undefined method `zip' for #<Charity:0x3576ae0>):
  app/controllers/charities_controller.rb:46:in `block in create'
  app/controllers/charities_controller.rb:45:in `create'


  Rendered C:/RailsInstaller/Ruby1.9.3/lib/ruby/gems/1.9.1/gems/actionpack-3.2.13/lib/action_dispatch/middleware/templates/rescues/_trace.erb (4.0ms)
  Rendered C:/RailsInstaller/Ruby1.9.3/lib/ruby/gems/1.9.1/gems/actionpack-3.2.13/lib/action_dispatch/middleware/templates/rescues/_request_and_response.erb (5.0ms)
  Rendered C:/RailsInstaller/Ruby1.9.3/lib/ruby/gems/1.9.1/gems/actionpack-3.2.13/lib/action_dispatch/middleware/templates/rescues/diagnostics.erb within rescues/layout (102.0ms)


Started GET "/" for 127.0.0.1 at 2013-12-01 01:52:35 -0500
Processing by CharitiesController#index as HTML
  [1m[35mCharity Load (1.0ms)[0m  SELECT "charities".* FROM "charities" 
  Rendered charities/index.html.erb within layouts/application (3.0ms)
Completed 200 OK in 47ms (Views: 43.0ms | ActiveRecord: 1.0ms)


Started GET "/assets/application.css?body=1" for 127.0.0.1 at 2013-12-01 01:52:35 -0500
Served asset /application.css - 304 Not Modified (1ms)


Started GET "/assets/charities.css?body=1" for 127.0.0.1 at 2013-12-01 01:52:35 -0500
Served asset /charities.css - 304 Not Modified (0ms)


Started GET "/assets/zip_codes.css?body=1" for 127.0.0.1 at 2013-12-01 01:52:35 -0500
Served asset /zip_codes.css - 304 Not Modified (0ms)


Started GET "/assets/jquery_ujs.js?body=1" for 127.0.0.1 at 2013-12-01 01:52:35 -0500
Served asset /jquery_ujs.js - 304 Not Modified (0ms)


Started GET "/assets/jquery.js?body=1" for 127.0.0.1 at 2013-12-01 01:52:35 -0500
Served asset /jquery.js - 304 Not Modified (0ms)


Started GET "/assets/scaffolds.css?body=1" for 127.0.0.1 at 2013-12-01 01:52:35 -0500
Served asset /scaffolds.css - 304 Not Modified (0ms)


Started GET "/assets/charities.js?body=1" for 127.0.0.1 at 2013-12-01 01:52:35 -0500
Served asset /charities.js - 304 Not Modified (0ms)


Started GET "/assets/zip_codes.js?body=1" for 127.0.0.1 at 2013-12-01 01:52:35 -0500
Served asset /zip_codes.js - 304 Not Modified (0ms)


Started GET "/assets/application.js?body=1" for 127.0.0.1 at 2013-12-01 01:52:35 -0500
Served asset /application.js - 304 Not Modified (2ms)


Started GET "/charities/new" for 127.0.0.1 at 2013-12-01 01:52:38 -0500
Processing by CharitiesController#new as HTML
  Rendered charities/_form.html.erb (7.0ms)
  Rendered charities/new.html.erb within layouts/application (13.0ms)
Completed 200 OK in 77ms (Views: 76.0ms | ActiveRecord: 0.0ms)


Started GET "/assets/application.css?body=1" for 127.0.0.1 at 2013-12-01 01:52:38 -0500
Served asset /application.css - 304 Not Modified (1ms)


Started GET "/assets/charities.css?body=1" for 127.0.0.1 at 2013-12-01 01:52:38 -0500
Served asset /charities.css - 304 Not Modified (1ms)


Started GET "/assets/zip_codes.css?body=1" for 127.0.0.1 at 2013-12-01 01:52:38 -0500
Served asset /zip_codes.css - 304 Not Modified (0ms)


Started GET "/assets/scaffolds.css?body=1" for 127.0.0.1 at 2013-12-01 01:52:38 -0500
Served asset /scaffolds.css - 304 Not Modified (1ms)


Started GET "/assets/jquery.js?body=1" for 127.0.0.1 at 2013-12-01 01:52:38 -0500
Served asset /jquery.js - 304 Not Modified (1ms)


Started GET "/assets/jquery_ujs.js?body=1" for 127.0.0.1 at 2013-12-01 01:52:38 -0500
Served asset /jquery_ujs.js - 304 Not Modified (0ms)


Started GET "/assets/charities.js?body=1" for 127.0.0.1 at 2013-12-01 01:52:38 -0500
Served asset /charities.js - 304 Not Modified (0ms)


Started GET "/assets/zip_codes.js?body=1" for 127.0.0.1 at 2013-12-01 01:52:38 -0500
Served asset /zip_codes.js - 304 Not Modified (1ms)


Started GET "/assets/application.js?body=1" for 127.0.0.1 at 2013-12-01 01:52:38 -0500
Served asset /application.js - 304 Not Modified (3ms)


Started POST "/charities" for 127.0.0.1 at 2013-12-01 01:52:42 -0500
Processing by CharitiesController#create as HTML
  Parameters: {"utf8"=>"✓", "authenticity_token"=>"3bQ7/WvXj9OQwO6PBkNT1UTNUVhcMsPkBtOWdfNmoP8=", "charity"=>{"name"=>"et", "url"=>"tet"}, "commit"=>"Create Charity"}
  [1m[36m (0.0ms)[0m  [1mbegin transaction[0m
  [1m[35m (1.0ms)[0m  rollback transaction
Completed 500 Internal Server Error in 6ms

NoMethodError (undefined method `zip' for #<Charity:0x3e7c810>):
  app/controllers/charities_controller.rb:46:in `block in create'
  app/controllers/charities_controller.rb:45:in `create'


  Rendered C:/RailsInstaller/Ruby1.9.3/lib/ruby/gems/1.9.1/gems/actionpack-3.2.13/lib/action_dispatch/middleware/templates/rescues/_trace.erb (4.0ms)
  Rendered C:/RailsInstaller/Ruby1.9.3/lib/ruby/gems/1.9.1/gems/actionpack-3.2.13/lib/action_dispatch/middleware/templates/rescues/_request_and_response.erb (3.0ms)
  Rendered C:/RailsInstaller/Ruby1.9.3/lib/ruby/gems/1.9.1/gems/actionpack-3.2.13/lib/action_dispatch/middleware/templates/rescues/diagnostics.erb within rescues/layout (55.0ms)


Started POST "/charities" for 127.0.0.1 at 2013-12-01 01:53:20 -0500
Processing by CharitiesController#create as HTML
  Parameters: {"utf8"=>"✓", "authenticity_token"=>"3bQ7/WvXj9OQwO6PBkNT1UTNUVhcMsPkBtOWdfNmoP8=", "charity"=>{"name"=>"et", "url"=>"tet"}, "commit"=>"Create Charity"}
  [1m[36m (1.0ms)[0m  [1mbegin transaction[0m
  [1m[35m (1.0ms)[0m  rollback transaction
Completed 500 Internal Server Error in 48ms

NoMethodError (undefined method `zip' for #<Charity:0x3e5b750>):
  app/controllers/charities_controller.rb:46:in `block in create'
  app/controllers/charities_controller.rb:45:in `create'


  Rendered C:/RailsInstaller/Ruby1.9.3/lib/ruby/gems/1.9.1/gems/actionpack-3.2.13/lib/action_dispatch/middleware/templates/rescues/_trace.erb (7.0ms)
  Rendered C:/RailsInstaller/Ruby1.9.3/lib/ruby/gems/1.9.1/gems/actionpack-3.2.13/lib/action_dispatch/middleware/templates/rescues/_request_and_response.erb (5.0ms)
  Rendered C:/RailsInstaller/Ruby1.9.3/lib/ruby/gems/1.9.1/gems/actionpack-3.2.13/lib/action_dispatch/middleware/templates/rescues/diagnostics.erb within rescues/layout (92.0ms)


Started GET "/" for 127.0.0.1 at 2013-12-01 01:56:25 -0500
Processing by CharitiesController#index as HTML
  [1m[36mCharity Load (1.0ms)[0m  [1mSELECT "charities".* FROM "charities" [0m
  Rendered charities/index.html.erb within layouts/application (3.0ms)
Completed 200 OK in 91ms (Views: 80.0ms | ActiveRecord: 5.0ms)


Started GET "/assets/application.css?body=1" for 127.0.0.1 at 2013-12-01 01:56:29 -0500
Served asset /application.css - 304 Not Modified (3ms)


Started GET "/assets/scaffolds.css?body=1" for 127.0.0.1 at 2013-12-01 01:56:29 -0500
Served asset /scaffolds.css - 304 Not Modified (0ms)


Started GET "/assets/zip_codes.css?body=1" for 127.0.0.1 at 2013-12-01 01:56:29 -0500
Served asset /zip_codes.css - 304 Not Modified (1ms)


Started GET "/assets/charities.css?body=1" for 127.0.0.1 at 2013-12-01 01:56:29 -0500
Served asset /charities.css - 304 Not Modified (0ms)


Started GET "/assets/jquery.js?body=1" for 127.0.0.1 at 2013-12-01 01:56:29 -0500
Served asset /jquery.js - 304 Not Modified (0ms)


Started GET "/assets/jquery_ujs.js?body=1" for 127.0.0.1 at 2013-12-01 01:56:29 -0500
Served asset /jquery_ujs.js - 304 Not Modified (1ms)


Started GET "/assets/charities.js?body=1" for 127.0.0.1 at 2013-12-01 01:56:29 -0500
Served asset /charities.js - 304 Not Modified (0ms)


Started GET "/assets/zip_codes.js?body=1" for 127.0.0.1 at 2013-12-01 01:56:29 -0500
Served asset /zip_codes.js - 304 Not Modified (0ms)


Started GET "/assets/application.js?body=1" for 127.0.0.1 at 2013-12-01 01:56:29 -0500
Served asset /application.js - 304 Not Modified (3ms)


Started GET "/charities/new" for 127.0.0.1 at 2013-12-01 01:56:34 -0500
Processing by CharitiesController#new as HTML
  Rendered charities/_form.html.erb (14.0ms)
  Rendered charities/new.html.erb within layouts/application (22.0ms)
Completed 200 OK in 117ms (Views: 88.0ms | ActiveRecord: 0.0ms)


Started GET "/assets/charities.css?body=1" for 127.0.0.1 at 2013-12-01 01:56:35 -0500
Served asset /charities.css - 304 Not Modified (1ms)


Started GET "/assets/application.css?body=1" for 127.0.0.1 at 2013-12-01 01:56:35 -0500
Served asset /application.css - 304 Not Modified (1ms)


Started GET "/assets/zip_codes.css?body=1" for 127.0.0.1 at 2013-12-01 01:56:35 -0500
Served asset /zip_codes.css - 304 Not Modified (1ms)


Started GET "/assets/scaffolds.css?body=1" for 127.0.0.1 at 2013-12-01 01:56:35 -0500
Served asset /scaffolds.css - 304 Not Modified (0ms)


Started GET "/assets/jquery.js?body=1" for 127.0.0.1 at 2013-12-01 01:56:35 -0500
Served asset /jquery.js - 304 Not Modified (0ms)


Started GET "/assets/charities.js?body=1" for 127.0.0.1 at 2013-12-01 01:56:35 -0500
Served asset /charities.js - 304 Not Modified (0ms)


Started GET "/assets/jquery_ujs.js?body=1" for 127.0.0.1 at 2013-12-01 01:56:35 -0500
Served asset /jquery_ujs.js - 304 Not Modified (0ms)


Started GET "/assets/zip_codes.js?body=1" for 127.0.0.1 at 2013-12-01 01:56:35 -0500
Served asset /zip_codes.js - 304 Not Modified (0ms)


Started GET "/assets/application.js?body=1" for 127.0.0.1 at 2013-12-01 01:56:35 -0500
Served asset /application.js - 304 Not Modified (2ms)
Connecting to database specified by database.yml
  [1m[36m (1.0ms)[0m  [1mSELECT "schema_migrations"."version" FROM "schema_migrations" [0m
Migrating to CreateCharities (20131201051620)
Migrating to CreateZipCodes (20131201051747)
Migrating to AddZipIdToCharities (20131201062807)
  [1m[35m (1.0ms)[0m  select sqlite_version(*)
  [1m[36m (1.0ms)[0m  [1mSELECT "schema_migrations"."version" FROM "schema_migrations" [0m


Started GET "/" for 127.0.0.1 at 2013-12-01 01:59:43 -0500
Processing by CharitiesController#index as HTML
  [1m[35mCharity Load (1.0ms)[0m  SELECT "charities".* FROM "charities" 
  Rendered charities/index.html.erb within layouts/application (2.0ms)
Completed 200 OK in 53ms (Views: 40.0ms | ActiveRecord: 9.0ms)


Started GET "/assets/application.css?body=1" for 127.0.0.1 at 2013-12-01 01:59:44 -0500
Served asset /application.css - 304 Not Modified (2ms)


Started GET "/assets/scaffolds.css?body=1" for 127.0.0.1 at 2013-12-01 01:59:44 -0500
Served asset /scaffolds.css - 304 Not Modified (0ms)


Started GET "/assets/jquery.js?body=1" for 127.0.0.1 at 2013-12-01 01:59:44 -0500
Served asset /jquery.js - 304 Not Modified (1ms)


Started GET "/assets/charities.css?body=1" for 127.0.0.1 at 2013-12-01 01:59:44 -0500
Served asset /charities.css - 304 Not Modified (0ms)


Started GET "/assets/charities.js?body=1" for 127.0.0.1 at 2013-12-01 01:59:44 -0500
Served asset /charities.js - 304 Not Modified (0ms)


Started GET "/assets/zip_codes.css?body=1" for 127.0.0.1 at 2013-12-01 01:59:44 -0500
Served asset /zip_codes.css - 304 Not Modified (0ms)


Started GET "/assets/jquery_ujs.js?body=1" for 127.0.0.1 at 2013-12-01 01:59:44 -0500
Served asset /jquery_ujs.js - 304 Not Modified (0ms)


Started GET "/assets/zip_codes.js?body=1" for 127.0.0.1 at 2013-12-01 01:59:44 -0500
Served asset /zip_codes.js - 304 Not Modified (0ms)


Started GET "/assets/application.js?body=1" for 127.0.0.1 at 2013-12-01 01:59:44 -0500
Served asset /application.js - 304 Not Modified (3ms)


Started GET "/charities/new" for 127.0.0.1 at 2013-12-01 01:59:46 -0500
Processing by CharitiesController#new as HTML
  Rendered charities/_form.html.erb (13.0ms)
  Rendered charities/new.html.erb within layouts/application (19.0ms)
Completed 200 OK in 83ms (Views: 61.0ms | ActiveRecord: 0.0ms)


Started GET "/assets/application.css?body=1" for 127.0.0.1 at 2013-12-01 01:59:46 -0500
Served asset /application.css - 304 Not Modified (2ms)


Started GET "/assets/scaffolds.css?body=1" for 127.0.0.1 at 2013-12-01 01:59:46 -0500
Served asset /scaffolds.css - 304 Not Modified (0ms)


Started GET "/assets/charities.css?body=1" for 127.0.0.1 at 2013-12-01 01:59:46 -0500
Served asset /charities.css - 304 Not Modified (0ms)


Started GET "/assets/zip_codes.css?body=1" for 127.0.0.1 at 2013-12-01 01:59:46 -0500
Served asset /zip_codes.css - 304 Not Modified (0ms)


Started GET "/assets/jquery_ujs.js?body=1" for 127.0.0.1 at 2013-12-01 01:59:46 -0500
Served asset /jquery_ujs.js - 304 Not Modified (0ms)


Started GET "/assets/jquery.js?body=1" for 127.0.0.1 at 2013-12-01 01:59:46 -0500
Served asset /jquery.js - 304 Not Modified (1ms)


Started GET "/assets/charities.js?body=1" for 127.0.0.1 at 2013-12-01 01:59:46 -0500
Served asset /charities.js - 304 Not Modified (0ms)


Started GET "/assets/zip_codes.js?body=1" for 127.0.0.1 at 2013-12-01 01:59:46 -0500
Served asset /zip_codes.js - 304 Not Modified (0ms)


Started GET "/assets/application.js?body=1" for 127.0.0.1 at 2013-12-01 01:59:47 -0500
Served asset /application.js - 304 Not Modified (2ms)


Started POST "/charities" for 127.0.0.1 at 2013-12-01 01:59:54 -0500
Processing by CharitiesController#create as HTML
  Parameters: {"utf8"=>"✓", "authenticity_token"=>"3bQ7/WvXj9OQwO6PBkNT1UTNUVhcMsPkBtOWdfNmoP8=", "charity"=>{"name"=>"t", "url"=>"t", "zip_id"=>"1"}, "commit"=>"Create Charity"}
  [1m[36m (0.0ms)[0m  [1mbegin transaction[0m
  [1m[35mSQL (117.0ms)[0m  INSERT INTO "charities" ("created_at", "name", "updated_at", "url", "zip_id") VALUES (?, ?, ?, ?, ?)  [["created_at", Sun, 01 Dec 2013 06:59:54 UTC +00:00], ["name", "t"], ["updated_at", Sun, 01 Dec 2013 06:59:54 UTC +00:00], ["url", "t"], ["zip_id", 1]]
  [1m[36m (10.0ms)[0m  [1mcommit transaction[0m
Redirected to http://localhost:3000/charities/1
Completed 302 Found in 146ms (ActiveRecord: 127.0ms)


Started GET "/charities/1" for 127.0.0.1 at 2013-12-01 01:59:54 -0500
Processing by CharitiesController#show as HTML
  Parameters: {"id"=>"1"}
  [1m[35mCharity Load (1.0ms)[0m  SELECT "charities".* FROM "charities" WHERE "charities"."id" = ? LIMIT 1  [["id", "1"]]
  Rendered charities/show.html.erb within layouts/application (4.0ms)
Completed 200 OK in 69ms (Views: 61.0ms | ActiveRecord: 1.0ms)


Started GET "/assets/application.css?body=1" for 127.0.0.1 at 2013-12-01 01:59:54 -0500
Served asset /application.css - 304 Not Modified (1ms)


Started GET "/assets/charities.css?body=1" for 127.0.0.1 at 2013-12-01 01:59:54 -0500
Served asset /charities.css - 304 Not Modified (0ms)


Started GET "/assets/zip_codes.css?body=1" for 127.0.0.1 at 2013-12-01 01:59:54 -0500
Served asset /zip_codes.css - 304 Not Modified (1ms)


Started GET "/assets/jquery_ujs.js?body=1" for 127.0.0.1 at 2013-12-01 01:59:54 -0500
Served asset /jquery_ujs.js - 304 Not Modified (0ms)


Started GET "/assets/scaffolds.css?body=1" for 127.0.0.1 at 2013-12-01 01:59:54 -0500
Served asset /scaffolds.css - 304 Not Modified (1ms)


Started GET "/assets/jquery.js?body=1" for 127.0.0.1 at 2013-12-01 01:59:54 -0500
Served asset /jquery.js - 304 Not Modified (1ms)


Started GET "/assets/charities.js?body=1" for 127.0.0.1 at 2013-12-01 01:59:55 -0500
Served asset /charities.js - 304 Not Modified (0ms)


Started GET "/assets/zip_codes.js?body=1" for 127.0.0.1 at 2013-12-01 01:59:55 -0500
Served asset /zip_codes.js - 304 Not Modified (0ms)


Started GET "/assets/application.js?body=1" for 127.0.0.1 at 2013-12-01 01:59:55 -0500
Served asset /application.js - 304 Not Modified (3ms)


Started GET "/charities" for 127.0.0.1 at 2013-12-01 02:00:26 -0500
Processing by CharitiesController#index as HTML
  [1m[36mCharity Load (1.0ms)[0m  [1mSELECT "charities".* FROM "charities" [0m
  Rendered charities/index.html.erb within layouts/application (10.0ms)
Completed 200 OK in 81ms (Views: 74.0ms | ActiveRecord: 1.0ms)


Started GET "/assets/application.css?body=1" for 127.0.0.1 at 2013-12-01 02:00:27 -0500
Served asset /application.css - 304 Not Modified (2ms)


Started GET "/assets/charities.css?body=1" for 127.0.0.1 at 2013-12-01 02:00:27 -0500
Served asset /charities.css - 304 Not Modified (0ms)


Started GET "/assets/zip_codes.css?body=1" for 127.0.0.1 at 2013-12-01 02:00:27 -0500
Served asset /zip_codes.css - 304 Not Modified (1ms)


Started GET "/assets/scaffolds.css?body=1" for 127.0.0.1 at 2013-12-01 02:00:27 -0500
Served asset /scaffolds.css - 304 Not Modified (0ms)


Started GET "/assets/jquery.js?body=1" for 127.0.0.1 at 2013-12-01 02:00:27 -0500
Served asset /jquery.js - 304 Not Modified (0ms)


Started GET "/assets/charities.js?body=1" for 127.0.0.1 at 2013-12-01 02:00:27 -0500
Served asset /charities.js - 304 Not Modified (0ms)


Started GET "/assets/jquery_ujs.js?body=1" for 127.0.0.1 at 2013-12-01 02:00:27 -0500
Served asset /jquery_ujs.js - 304 Not Modified (0ms)


Started GET "/assets/zip_codes.js?body=1" for 127.0.0.1 at 2013-12-01 02:00:27 -0500
Served asset /zip_codes.js - 304 Not Modified (0ms)


Started GET "/assets/application.js?body=1" for 127.0.0.1 at 2013-12-01 02:00:27 -0500
Served asset /application.js - 304 Not Modified (1ms)
